#
# There is insufficient memory for the Java Runtime Environment to continue.
# Native memory allocation (malloc) failed to allocate 254096 bytes for Chunk::new
# Possible reasons:
#   The system is out of physical RAM or swap space
#   The process is running with CompressedOops enabled, and the Java Heap may be blocking the growth of the native heap
# Possible solutions:
#   Reduce memory load on the system
#   Increase physical memory or swap space
#   Check if swap backing store is full
#   Decrease Java heap size (-Xmx/-Xms)
#   Decrease number of Java threads
#   Decrease Java thread stack sizes (-Xss)
#   Set larger code cache with -XX:ReservedCodeCacheSize=
#   JVM is running with Unscaled Compressed Oops mode in which the Java heap is
#     placed in the first 4GB address space. The Java Heap base address is the
#     maximum limit for the native heap growth. Please use -XX:HeapBaseMinAddress
#     to set the Java Heap base and to place the Java Heap above 4GB virtual address.
# This output file may be truncated or incomplete.
#
#  Out of Memory Error (./open/src/hotspot/share/memory/arena.cpp:195), pid=25860, tid=27576
#
# JRE version: Java(TM) SE Runtime Environment (15.0.1+9) (build 15.0.1+9-18)
# Java VM: Java HotSpot(TM) 64-Bit Server VM (15.0.1+9-18, mixed mode, sharing, tiered, compressed oops, g1 gc, windows-amd64)
# No core dump will be written. Minidumps are not enabled by default on client versions of Windows
#

---------------  S U M M A R Y ------------

Command Line: -Dapplication.home=C:\Program Files\Java\jdk-15.0.1 --add-modules=ALL-DEFAULT -Xms8m -Djdk.module.main=jdk.compiler jdk.compiler/com.sun.tools.javac.Main -d C:\Users\Harshit\Documents\NetBeansProjects\Library Management System\build\classes -classpath C:\Users\Harshit\Documents\NetBeansProjects\Library Management System\build\classes;C:\Users\Harshit\Downloads\mysql-connector-java-8.0.24\mysql-connector-java-8.0.24\mysql-connector-java-8.0.24.jar;C:\Users\Harshit\Documents\original\Library-Management-System\src\library\management\system\Jar\jcalendar-tz-1.3.3-4.jar;C:\Users\Harshit\Documents\original\Library-Management-System\src\library\management\system\Jar\rs2xml.jar -sourcepath C:\Users\Harshit\Documents\NetBeansProjects\Library Management System\build\empty -target 15 -encoding UTF-8 -g -processorpath C:\Users\Harshit\Downloads\mysql-connector-java-8.0.24\mysql-connector-java-8.0.24\mysql-connector-java-8.0.24.jar;C:\Users\Harshit\Documents\original\Library-Management-System\src\library\management\system\Jar\jcalendar-tz-1.3.3-4.jar;C:\Users\Harshit\Documents\original\Library-Management-System\src\library\management\system\Jar\rs2xml.jar;C:\Users\Harshit\Documents\NetBeansProjects\Library Management System\build\empty -s C:\Users\Harshit\Documents\NetBeansProjects\Library Management System\build\generated-sources\ap-source-output -source 15 C:\Users\Harshit\Documents\NetBeansProjects\Library Management System\src\library\management\system\BookDetails.java

Host: AMD Ryzen 5 3550H with Radeon Vega Mobile Gfx  , 8 cores, 5G,  Windows 10 , 64 bit Build 19041 (10.0.19041.928)
Time: Wed May 12 22:46:04 2021 India Standard Time elapsed time: 0.446946 seconds (0d 0h 0m 0s)

---------------  T H R E A D  ---------------

Current thread (0x0000025e9e6d6f80):  JavaThread "C2 CompilerThread0" daemon [_thread_in_native, id=27576, stack(0x000000d033300000,0x000000d033400000)]


Current CompileTask:
C2:    447  836       4       java.util.HashMap::put (13 bytes)

Stack: [0x000000d033300000,0x000000d033400000]
Native frames: (J=compiled Java code, j=interpreted, Vv=VM code, C=native code)
V  [jvm.dll+0x62ae9a]
V  [jvm.dll+0x781389]
V  [jvm.dll+0x782ae3]
V  [jvm.dll+0x783143]
V  [jvm.dll+0x216265]
V  [jvm.dll+0x97efa]
V  [jvm.dll+0x985dc]
V  [jvm.dll+0x27a1bf]
V  [jvm.dll+0x5408d4]
V  [jvm.dll+0x1f2c14]
V  [jvm.dll+0x1ebf33]
V  [jvm.dll+0x1e97a7]
V  [jvm.dll+0x1784c7]
V  [jvm.dll+0x1f9165]
V  [jvm.dll+0x1f720c]
V  [jvm.dll+0x74485d]
V  [jvm.dll+0x73d65a]
V  [jvm.dll+0x629c56]
C  [ucrtbase.dll+0x21bb2]
C  [KERNEL32.DLL+0x17034]
C  [ntdll.dll+0x52651]


---------------  P R O C E S S  ---------------

Threads class SMR info:
_java_thread_list=0x0000025e9f0c5ea0, length=12, elements={
0x0000025efc4c7220, 0x0000025efc59aba0, 0x0000025efc59b680, 0x0000025e9e6d1a40,
0x0000025e9e6d4810, 0x0000025e9e6d51d0, 0x0000025e9e6d6f80, 0x0000025e9e6daf30,
0x0000025e9e6ee430, 0x0000025e9e8fb6e0, 0x0000025e9e9554d0, 0x0000025e9f0c56a0
}

Java Threads: ( => current thread )
  0x0000025efc4c7220 JavaThread "main" [_thread_blocked, id=16480, stack(0x000000d032700000,0x000000d032800000)]
  0x0000025efc59aba0 JavaThread "Reference Handler" daemon [_thread_blocked, id=21772, stack(0x000000d032e00000,0x000000d032f00000)]
  0x0000025efc59b680 JavaThread "Finalizer" daemon [_thread_blocked, id=28028, stack(0x000000d032f00000,0x000000d033000000)]
  0x0000025e9e6d1a40 JavaThread "Signal Dispatcher" daemon [_thread_blocked, id=24304, stack(0x000000d033000000,0x000000d033100000)]
  0x0000025e9e6d4810 JavaThread "Attach Listener" daemon [_thread_blocked, id=11228, stack(0x000000d033100000,0x000000d033200000)]
  0x0000025e9e6d51d0 JavaThread "Service Thread" daemon [_thread_blocked, id=9920, stack(0x000000d033200000,0x000000d033300000)]
=>0x0000025e9e6d6f80 JavaThread "C2 CompilerThread0" daemon [_thread_in_native, id=27576, stack(0x000000d033300000,0x000000d033400000)]
  0x0000025e9e6daf30 JavaThread "C1 CompilerThread0" daemon [_thread_blocked, id=9028, stack(0x000000d033400000,0x000000d033500000)]
  0x0000025e9e6ee430 JavaThread "Sweeper thread" daemon [_thread_blocked, id=10632, stack(0x000000d033500000,0x000000d033600000)]
  0x0000025e9e8fb6e0 JavaThread "Common-Cleaner" daemon [_thread_blocked, id=6204, stack(0x000000d033600000,0x000000d033700000)]
  0x0000025e9e9554d0 JavaThread "Notification Thread" daemon [_thread_blocked, id=13380, stack(0x000000d033700000,0x000000d033800000)]
  0x0000025e9f0c56a0 JavaThread "C2 CompilerThread1" daemon [_thread_blocked, id=27100, stack(0x000000d033a00000,0x000000d033b00000)]

Other Threads:
  0x0000025e9e6b69a0 VMThread "VM Thread" [stack: 0x000000d032d00000,0x000000d032e00000] [id=26712]
  0x0000025e9e976d80 WatcherThread [stack: 0x000000d033800000,0x000000d033900000] [id=9900]
  0x0000025efc4fb080 GCTaskThread "GC Thread#0" [stack: 0x000000d032800000,0x000000d032900000] [id=27880]
  0x0000025e9e979100 GCTaskThread "GC Thread#1" [stack: 0x000000d033900000,0x000000d033a00000] [id=21996]
  0x0000025efc508f30 ConcurrentGCThread "G1 Main Marker" [stack: 0x000000d032900000,0x000000d032a00000] [id=27888]
  0x0000025efc50a1d0 ConcurrentGCThread "G1 Conc#0" [stack: 0x000000d032a00000,0x000000d032b00000] [id=10336]
  0x0000025e9e97adb0 ConcurrentGCThread "G1 Conc#1" [stack: 0x000000d033b00000,0x000000d033c00000] [id=28300]
  0x0000025efc534790 ConcurrentGCThread "G1 Refine#0" [stack: 0x000000d032b00000,0x000000d032c00000] [id=24960]
  0x0000025efc536150 ConcurrentGCThread "G1 Young RemSet Sampling" [stack: 0x000000d032c00000,0x000000d032d00000] [id=27992]

Threads with active compile tasks:
C2 CompilerThread0      469  836       4       java.util.HashMap::put (13 bytes)
C2 CompilerThread1      469  847       4       java.util.HashMap::putVal (300 bytes)

VM state: at safepoint (normal execution)

VM Mutex/Monitor currently owned by a thread:  ([mutex/lock_event])
[0x0000025efc4c3ef0] Threads_lock - owner thread: 0x0000025e9e6b69a0
[0x0000025efc4c2900] Heap_lock - owner thread: 0x0000025efc4c7220

Heap address: 0x00000000a0e00000, size: 1522 MB, Compressed Oops mode: 32-bit
CDS archive(s) mapped at: [0x0000000800000000-0x0000000800b50000-0x0000000800b50000), size 11862016, SharedBaseAddress: 0x0000000800000000, ArchiveRelocationMode: 0.
Compressed class space mapped at: 0x0000000800b50000-0x0000000840b50000, size: 1073741824
Narrow klass base: 0x0000000800000000, Narrow klass shift: 3, Narrow klass range: 0x100000000

GC Precious Log:
 CPUs: 8 total, 8 available
 Memory: 6081M
 Large Page Support: Disabled
 NUMA Support: Disabled
 Compressed Oops: Enabled (32-bit)
 Heap Region Size: 1M
 Heap Min Capacity: 8M
 Heap Initial Capacity: 8M
 Heap Max Capacity: 1522M
 Pre-touch: Disabled
 Parallel Workers: 8
 Concurrent Workers: 2
 Concurrent Refinement Workers: 8
 Periodic GC: Disabled

Heap:
 garbage-first heap   total 10240K, used 3758K [0x00000000a0e00000, 0x0000000100000000)
  region size 1024K, 1 young (1024K), 1 survivors (1024K)
 Metaspace       used 8424K, capacity 11160K, committed 11264K, reserved 1067008K
  class space    used 977K, capacity 1228K, committed 1280K, reserved 1048576K

Heap Regions: E=young(eden), S=young(survivor), O=old, HS=humongous(starts), HC=humongous(continues), CS=collection set, F=free, OA=open archive, CA=closed archive, TAMS=top-at-mark-start (previous, next)
|   0|0x00000000a0e00000, 0x00000000a0f00000, 0x00000000a0f00000|100%| O|  |TAMS 0x00000000a0e00000, 0x00000000a0f00000| Untracked 
|   1|0x00000000a0f00000, 0x00000000a1000000, 0x00000000a1000000|100%| O|  |TAMS 0x00000000a0f00000, 0x00000000a1000000| Untracked 
|   2|0x00000000a1000000, 0x00000000a1100000, 0x00000000a1100000|100%| O|  |TAMS 0x00000000a1000000, 0x00000000a1056000| Untracked 
|   3|0x00000000a1100000, 0x00000000a115d600, 0x00000000a1200000| 36%| O|  |TAMS 0x00000000a1100000, 0x00000000a1100000| Untracked 
|   4|0x00000000a1200000, 0x00000000a1200000, 0x00000000a1300000|  0%| F|  |TAMS 0x00000000a1200000, 0x00000000a1200000| Untracked 
|   5|0x00000000a1300000, 0x00000000a1300000, 0x00000000a1400000|  0%| F|  |TAMS 0x00000000a1300000, 0x00000000a1300000| Untracked 
|   6|0x00000000a1400000, 0x00000000a1400000, 0x00000000a1500000|  0%| F|  |TAMS 0x00000000a1400000, 0x00000000a1400000| Untracked 
|   7|0x00000000a1500000, 0x00000000a1500000, 0x00000000a1600000|  0%| F|  |TAMS 0x00000000a1500000, 0x00000000a1500000| Untracked 
|   8|0x00000000a1600000, 0x00000000a164e560, 0x00000000a1700000| 30%| S|CS|TAMS 0x00000000a1600000, 0x00000000a1600000| Complete 
|   9|0x00000000a1700000, 0x00000000a1700000, 0x00000000a1800000|  0%| F|  |TAMS 0x00000000a1700000, 0x00000000a1700000| Untracked 

Card table byte_map: [0x0000025e97f00000,0x0000025e98200000] _byte_map_base: 0x0000025e979f9000

Marking Bits (Prev, Next): (CMBitMap*) 0x0000025efc4fc790, (CMBitMap*) 0x0000025efc4fc7d0
 Prev Bits: [0x0000025e98500000, 0x0000025e99cc8000)
 Next Bits: [0x0000025e99cd0000, 0x0000025e9b498000)

Polling page: 0x0000025e80000000

Metaspace:

Usage:
  Non-class:      9.70 MB capacity,     7.27 MB ( 75%) used,     2.42 MB ( 25%) free+waste,     9.50 KB ( <1%) overhead. 
      Class:      1.20 MB capacity,   977.49 KB ( 80%) used,   246.63 KB ( 20%) free+waste,     3.88 KB ( <1%) overhead. 
       Both:     10.90 MB capacity,     8.23 MB ( 75%) used,     2.66 MB ( 24%) free+waste,    13.38 KB ( <1%) overhead. 

Virtual space:
  Non-class space:       18.00 MB reserved,       9.75 MB ( 54%) committed 
      Class space:        1.00 GB reserved,       1.25 MB ( <1%) committed 
             Both:        1.02 GB reserved,      11.00 MB (  1%) committed 

Chunk freelists:
   Non-Class:  52.00 KB
       Class:  20.00 KB
        Both:  72.00 KB

MaxMetaspaceSize: 17179869184.00 GB
CompressedClassSpaceSize: 1.00 GB

CodeHeap 'non-profiled nmethods': size=120000Kb used=259Kb max_used=259Kb free=119740Kb
 bounds [0x0000025e8fc50000, 0x0000025e8fec0000, 0x0000025e97180000]
CodeHeap 'profiled nmethods': size=120000Kb used=1400Kb max_used=1400Kb free=118599Kb
 bounds [0x0000025e88720000, 0x0000025e88990000, 0x0000025e8fc50000]
CodeHeap 'non-nmethods': size=5760Kb used=1149Kb max_used=1161Kb free=4611Kb
 bounds [0x0000025e88180000, 0x0000025e883f0000, 0x0000025e88720000]
 total_blobs=1266 nmethods=866 adapters=313
 compilation: enabled
              stopped_count=0, restarted_count=0
 full_count=0

Compilation events (20 events):
Event: 0.437 Thread 0x0000025e9e6daf30 nmethod 835 0x0000025e88870890 code [0x0000025e88870a40, 0x0000025e88870cd8]
Event: 0.437 Thread 0x0000025e9e6daf30  838       3       com.sun.tools.javac.util.List::contains (45 bytes)
Event: 0.437 Thread 0x0000025e9e6daf30 nmethod 838 0x0000025e88870d90 code [0x0000025e88870f40, 0x0000025e888712c8]
Event: 0.437 Thread 0x0000025e9e6daf30  840       3       java.util.LinkedHashMap$LinkedHashIterator::nextNode (54 bytes)
Event: 0.439 Thread 0x0000025e9e6daf30 nmethod 840 0x0000025e88871410 code [0x0000025e888715e0, 0x0000025e88871978]
Event: 0.440 Thread 0x0000025e9e6daf30  842   !   3       java.lang.ref.ReferenceQueue::enqueue (119 bytes)
Event: 0.440 Thread 0x0000025e9e6daf30 nmethod 842 0x0000025e88871b10 code [0x0000025e88871d00, 0x0000025e888723c8]
Event: 0.440 Thread 0x0000025e9e6daf30  843       3       java.util.LinkedHashMap$LinkedKeyIterator::next (8 bytes)
Event: 0.440 Thread 0x0000025e9e6daf30 nmethod 843 0x0000025e88872590 code [0x0000025e88872740, 0x0000025e88872888]
Event: 0.440 Thread 0x0000025e9e6daf30  845       3       java.lang.Float::isNaN (12 bytes)
Event: 0.441 Thread 0x0000025e9e6daf30 nmethod 845 0x0000025e88872990 code [0x0000025e88872b20, 0x0000025e88872c78]
Event: 0.441 Thread 0x0000025e9e6daf30  846       3       com.sun.tools.javac.code.Symbol::complete (30 bytes)
Event: 0.441 Thread 0x0000025e9e6daf30 nmethod 846 0x0000025e88872d10 code [0x0000025e88872ec0, 0x0000025e88873148]
Event: 0.441 Thread 0x0000025e9e6daf30  848       3       java.util.HashMap::tableSizeFor (32 bytes)
Event: 0.442 Thread 0x0000025e9e6daf30 nmethod 848 0x0000025e88873210 code [0x0000025e888733c0, 0x0000025e888735a8]
Event: 0.442 Thread 0x0000025e9e6daf30  849       3       java.util.HashMap::<init> (98 bytes)
Event: 0.442 Thread 0x0000025e9e6daf30 nmethod 849 0x0000025e88873690 code [0x0000025e888739c0, 0x0000025e88874ad8]
Event: 0.442 Thread 0x0000025e9e6daf30  851       3       java.util.AbstractCollection::addAll (42 bytes)
Event: 0.443 Thread 0x0000025e9e6daf30 nmethod 851 0x0000025e88875090 code [0x0000025e88875280, 0x0000025e888757b8]
Event: 0.443 Thread 0x0000025e9e6daf30  852   !   3       com.sun.tools.javac.comp.Modules::addVisiblePackages (263 bytes)

GC Heap History (12 events):
Event: 0.184 GC heap before
{Heap before GC invocations=0 (full 0):
 garbage-first heap   total 8192K, used 3072K [0x00000000a0e00000, 0x0000000100000000)
  region size 1024K, 3 young (3072K), 0 survivors (0K)
 Metaspace       used 2433K, capacity 5893K, committed 6016K, reserved 1056768K
  class space    used 273K, capacity 603K, committed 640K, reserved 1048576K
}
Event: 0.187 GC heap after
{Heap after GC invocations=1 (full 0):
 garbage-first heap   total 8192K, used 1108K [0x00000000a0e00000, 0x0000000100000000)
  region size 1024K, 1 young (1024K), 1 survivors (1024K)
 Metaspace       used 2433K, capacity 5893K, committed 6016K, reserved 1056768K
  class space    used 273K, capacity 603K, committed 640K, reserved 1048576K
}
Event: 0.222 GC heap before
{Heap before GC invocations=1 (full 0):
 garbage-first heap   total 8192K, used 2132K [0x00000000a0e00000, 0x0000000100000000)
  region size 1024K, 2 young (2048K), 1 survivors (1024K)
 Metaspace       used 3465K, capacity 6871K, committed 6912K, reserved 1056768K
  class space    used 429K, capacity 737K, committed 768K, reserved 1048576K
}
Event: 0.224 GC heap after
{Heap after GC invocations=2 (full 0):
 garbage-first heap   total 8192K, used 1727K [0x00000000a0e00000, 0x0000000100000000)
  region size 1024K, 1 young (1024K), 1 survivors (1024K)
 Metaspace       used 3465K, capacity 6871K, committed 6912K, reserved 1056768K
  class space    used 429K, capacity 737K, committed 768K, reserved 1048576K
}
Event: 0.291 GC heap before
{Heap before GC invocations=2 (full 0):
 garbage-first heap   total 8192K, used 1727K [0x00000000a0e00000, 0x0000000100000000)
  region size 1024K, 2 young (2048K), 1 survivors (1024K)
 Metaspace       used 5640K, capacity 9050K, committed 9216K, reserved 1056768K
  class space    used 672K, capacity 994K, committed 1024K, reserved 1048576K
}
Event: 0.292 GC heap after
{Heap after GC invocations=3 (full 0):
 garbage-first heap   total 8192K, used 1840K [0x00000000a0e00000, 0x0000000100000000)
  region size 1024K, 1 young (1024K), 1 survivors (1024K)
 Metaspace       used 5640K, capacity 9050K, committed 9216K, reserved 1056768K
  class space    used 672K, capacity 994K, committed 1024K, reserved 1048576K
}
Event: 0.338 GC heap before
{Heap before GC invocations=3 (full 0):
 garbage-first heap   total 8192K, used 2864K [0x00000000a0e00000, 0x0000000100000000)
  region size 1024K, 2 young (2048K), 1 survivors (1024K)
 Metaspace       used 6806K, capacity 10086K, committed 10112K, reserved 1058816K
  class space    used 818K, capacity 1126K, committed 1152K, reserved 1048576K
}
Event: 0.339 GC heap after
{Heap after GC invocations=4 (full 0):
 garbage-first heap   total 8192K, used 2174K [0x00000000a0e00000, 0x0000000100000000)
  region size 1024K, 1 young (1024K), 1 survivors (1024K)
 Metaspace       used 6806K, capacity 10086K, committed 10112K, reserved 1058816K
  class space    used 818K, capacity 1126K, committed 1152K, reserved 1048576K
}
Event: 0.392 GC heap before
{Heap before GC invocations=4 (full 0):
 garbage-first heap   total 8192K, used 3198K [0x00000000a0e00000, 0x0000000100000000)
  region size 1024K, 2 young (2048K), 1 survivors (1024K)
 Metaspace       used 7805K, capacity 10918K, committed 11008K, reserved 1058816K
  class space    used 905K, capacity 1190K, committed 1280K, reserved 1048576K
}
Event: 0.393 GC heap after
{Heap after GC invocations=5 (full 0):
 garbage-first heap   total 10240K, used 2628K [0x00000000a0e00000, 0x0000000100000000)
  region size 1024K, 1 young (1024K), 1 survivors (1024K)
 Metaspace       used 7805K, capacity 10918K, committed 11008K, reserved 1058816K
  class space    used 905K, capacity 1190K, committed 1280K, reserved 1048576K
}
Event: 0.437 GC heap before
{Heap before GC invocations=5 (full 0):
 garbage-first heap   total 10240K, used 4676K [0x00000000a0e00000, 0x0000000100000000)
  region size 1024K, 3 young (3072K), 1 survivors (1024K)
 Metaspace       used 8152K, capacity 10997K, committed 11264K, reserved 1058816K
  class space    used 944K, capacity 1195K, committed 1280K, reserved 1048576K
}
Event: 0.439 GC heap after
{Heap after GC invocations=6 (full 0):
 garbage-first heap   total 10240K, used 3416K [0x00000000a0e00000, 0x0000000100000000)
  region size 1024K, 1 young (1024K), 1 survivors (1024K)
 Metaspace       used 8152K, capacity 10997K, committed 11264K, reserved 1058816K
  class space    used 944K, capacity 1195K, committed 1280K, reserved 1048576K
}

Deoptimization events (16 events):
Event: 0.134 Thread 0x0000025efc4c7220 Uncommon trap: trap_request=0xffffffde fr.pc=0x0000025e8fc5d578 relative=0x0000000000000418
Event: 0.134 Thread 0x0000025efc4c7220 Uncommon trap: reason=class_check action=maybe_recompile pc=0x0000025e8fc5d578 method=java.util.HashMap.putVal(ILjava/lang/Object;Ljava/lang/Object;ZZ)Ljava/lang/Object; @ 253 c2
Event: 0.134 Thread 0x0000025efc4c7220 DEOPT PACKING pc=0x0000025e8fc5d578 sp=0x000000d0327feb00
Event: 0.134 Thread 0x0000025efc4c7220 DEOPT UNPACKING pc=0x0000025e881ce42f sp=0x000000d0327feaa0 mode 2
Event: 0.134 Thread 0x0000025efc4c7220 Uncommon trap: trap_request=0xffffff45 fr.pc=0x0000025e8fc5d9c4 relative=0x0000000000000864
Event: 0.134 Thread 0x0000025efc4c7220 Uncommon trap: reason=unstable_if action=reinterpret pc=0x0000025e8fc5d9c4 method=java.util.HashMap.putVal(ILjava/lang/Object;Ljava/lang/Object;ZZ)Ljava/lang/Object; @ 181 c2
Event: 0.134 Thread 0x0000025efc4c7220 DEOPT PACKING pc=0x0000025e8fc5d9c4 sp=0x000000d0327feb00
Event: 0.134 Thread 0x0000025efc4c7220 DEOPT UNPACKING pc=0x0000025e881ce42f sp=0x000000d0327feaa0 mode 2
Event: 0.165 Thread 0x0000025efc4c7220 Uncommon trap: trap_request=0xffffff45 fr.pc=0x0000025e8fc603e0 relative=0x0000000000000060
Event: 0.165 Thread 0x0000025efc4c7220 Uncommon trap: reason=unstable_if action=reinterpret pc=0x0000025e8fc603e0 method=java.nio.Buffer.hasRemaining()Z @ 8 c2
Event: 0.165 Thread 0x0000025efc4c7220 DEOPT PACKING pc=0x0000025e8fc603e0 sp=0x000000d0327fe180
Event: 0.166 Thread 0x0000025efc4c7220 DEOPT UNPACKING pc=0x0000025e881ce42f sp=0x000000d0327fe118 mode 2
Event: 0.338 Thread 0x0000025efc4c7220 Uncommon trap: trap_request=0xffffff45 fr.pc=0x0000025e8fc7aa5c relative=0x000000000000043c
Event: 0.338 Thread 0x0000025efc4c7220 Uncommon trap: reason=unstable_if action=reinterpret pc=0x0000025e8fc7aa5c method=java.lang.StringLatin1.replace([BCC)Ljava/lang/String; @ 19 c2
Event: 0.338 Thread 0x0000025efc4c7220 DEOPT PACKING pc=0x0000025e8fc7aa5c sp=0x000000d0327fd160
Event: 0.338 Thread 0x0000025efc4c7220 DEOPT UNPACKING pc=0x0000025e881ce42f sp=0x000000d0327fd0d0 mode 2

Classes unloaded (0 events):
No events

Classes redefined (0 events):
No events

Internal exceptions (20 events):
Event: 0.179 Thread 0x0000025efc4c7220 Exception <a 'sun/nio/fs/WindowsException'{0x00000000a13e81c0}> (0x00000000a13e81c0) 
thrown [./open/src/hotspot/share/prims/jni.cpp, line 578]
Event: 0.180 Thread 0x0000025efc4c7220 Exception <a 'sun/nio/fs/WindowsException'{0x00000000a13e8a10}> (0x00000000a13e8a10) 
thrown [./open/src/hotspot/share/prims/jni.cpp, line 578]
Event: 0.180 Thread 0x0000025efc4c7220 Exception <a 'sun/nio/fs/WindowsException'{0x00000000a13e9718}> (0x00000000a13e9718) 
thrown [./open/src/hotspot/share/prims/jni.cpp, line 578]
Event: 0.180 Thread 0x0000025efc4c7220 Exception <a 'sun/nio/fs/WindowsException'{0x00000000a13e9a78}> (0x00000000a13e9a78) 
thrown [./open/src/hotspot/share/prims/jni.cpp, line 578]
Event: 0.181 Thread 0x0000025efc4c7220 Exception <a 'java/lang/NoSuchMethodError'{0x00000000a13ee748}: 'int java.lang.invoke.DirectMethodHandle$Holder.invokeVirtual(java.lang.Object, java.lang.Object, java.lang.Object)'> (0x00000000a13ee748) 
thrown [./open/src/hotspot/share/interpreter/linkResolver.cpp, line 782]
Event: 0.182 Thread 0x0000025efc4c7220 Exception <a 'java/lang/NoSuchMethodError'{0x00000000a13f54c0}: 'void java.lang.invoke.DirectMethodHandle$Holder.invokeInterface(java.lang.Object, java.lang.Object, java.lang.Object)'> (0x00000000a13f54c0) 
thrown [./open/src/hotspot/share/interpreter/linkResolver.cpp, line 782]
Event: 0.251 Thread 0x0000025efc4c7220 Exception <a 'java/lang/NoSuchMethodError'{0x00000000a154cbf8}: 'int java.lang.invoke.DirectMethodHandle$Holder.invokeStaticInit(java.lang.Object, java.lang.Object)'> (0x00000000a154cbf8) 
thrown [./open/src/hotspot/share/interpreter/linkResolver.cpp, line 782]
Event: 0.304 Thread 0x0000025efc4c7220 Exception <a 'java/lang/NoSuchMethodError'{0x00000000a1535d50}: 'int java.lang.invoke.DirectMethodHandle$Holder.invokeVirtual(java.lang.Object, java.lang.Object)'> (0x00000000a1535d50) 
thrown [./open/src/hotspot/share/interpreter/linkResolver.cpp, line 782]
Event: 0.307 Thread 0x0000025efc4c7220 Exception <a 'java/lang/NoSuchMethodError'{0x00000000a15609c8}: 'java.lang.Object java.lang.invoke.DirectMethodHandle$Holder.newInvokeSpecial(java.lang.Object, java.lang.Object, java.lang.Object, java.lang.Object, java.lang.Object)'> (0x00000000a15609c8) 
thrown [./open/src/hotspot/share/interpreter/linkResolver.cpp, line 782]
Event: 0.309 Thread 0x0000025efc4c7220 Exception <a 'java/lang/NoSuchMethodError'{0x00000000a1571228}: 'java.lang.Object java.lang.invoke.DirectMethodHandle$Holder.newInvokeSpecial(java.lang.Object, java.lang.Object, java.lang.Object, java.lang.Object, java.lang.Object, java.lang.Object)'> (0x00000000a1571228) 
thrown [./open/src/hotspot/share/interpreter/linkResolver.cpp, line 782]
Event: 0.325 Thread 0x0000025efc4c7220 Exception <a 'sun/nio/fs/WindowsException'{0x00000000a15c85a0}> (0x00000000a15c85a0) 
thrown [./open/src/hotspot/share/prims/jni.cpp, line 578]
Event: 0.325 Thread 0x0000025efc4c7220 Exception <a 'sun/nio/fs/WindowsException'{0x00000000a15c87e0}> (0x00000000a15c87e0) 
thrown [./open/src/hotspot/share/prims/jni.cpp, line 578]
Event: 0.327 Thread 0x0000025efc4c7220 Exception <a 'java/lang/NoSuchMethodError'{0x00000000a15ca418}: 'java.lang.Object java.lang.invoke.DirectMethodHandle$Holder.invokeStaticInit(java.lang.Object)'> (0x00000000a15ca418) 
thrown [./open/src/hotspot/share/interpreter/linkResolver.cpp, line 782]
Event: 0.389 Thread 0x0000025efc4c7220 Exception <a 'sun/nio/fs/WindowsException'{0x00000000a15e0c58}> (0x00000000a15e0c58) 
thrown [./open/src/hotspot/share/prims/jni.cpp, line 578]
Event: 0.389 Thread 0x0000025efc4c7220 Exception <a 'sun/nio/fs/WindowsException'{0x00000000a15e0fd8}> (0x00000000a15e0fd8) 
thrown [./open/src/hotspot/share/prims/jni.cpp, line 578]
Event: 0.389 Thread 0x0000025efc4c7220 Exception <a 'sun/nio/fs/WindowsException'{0x00000000a15e1c98}> (0x00000000a15e1c98) 
thrown [./open/src/hotspot/share/prims/jni.cpp, line 578]
Event: 0.389 Thread 0x0000025efc4c7220 Exception <a 'sun/nio/fs/WindowsException'{0x00000000a15e2028}> (0x00000000a15e2028) 
thrown [./open/src/hotspot/share/prims/jni.cpp, line 578]
Event: 0.412 Thread 0x0000025efc4c7220 Exception <a 'java/lang/NoSuchMethodError'{0x00000000a17c25d8}: 'java.lang.Object java.lang.invoke.DirectMethodHandle$Holder.invokeVirtual(java.lang.Object, java.lang.Object, java.lang.Object, int, int)'> (0x00000000a17c25d8) 
thrown [./open/src/hotspot/share/interpreter/linkResolver.cpp, line 782]
Event: 0.413 Thread 0x0000025efc4c7220 Exception <a 'java/lang/NoSuchMethodError'{0x00000000a17c98b0}: 'java.lang.Object java.lang.invoke.DirectMethodHandle$Holder.invokeVirtual(java.lang.Object, java.lang.Object, int)'> (0x00000000a17c98b0) 
thrown [./open/src/hotspot/share/interpreter/linkResolver.cpp, line 782]
Event: 0.416 Thread 0x0000025efc4c7220 Exception <a 'java/lang/NoSuchMethodError'{0x00000000a17e2350}: 'java.lang.Object java.lang.invoke.DirectMethodHandle$Holder.invokeSpecial(java.lang.Object, java.lang.Object, java.lang.Object, int, int)'> (0x00000000a17e2350) 
thrown [./open/src/hotspot/share/interpreter/linkResolver.cpp, line 782]

Events (20 events):
Event: 0.401 loading class java/util/LinkedHashMap$LinkedValues done
Event: 0.401 loading class java/util/LinkedHashMap$LinkedValueIterator
Event: 0.401 loading class java/util/LinkedHashMap$LinkedValueIterator done
Event: 0.401 loading class java/util/regex/Pattern$Bound
Event: 0.401 loading class java/util/regex/Pattern$Bound done
Event: 0.415 loading class java/util/stream/MatchOps$MatchKind
Event: 0.415 loading class java/util/stream/MatchOps$MatchKind done
Event: 0.416 loading class java/util/stream/MatchOps
Event: 0.416 loading class java/util/stream/MatchOps done
Event: 0.416 loading class java/util/stream/MatchOps$MatchOp
Event: 0.416 loading class java/util/stream/MatchOps$MatchOp done
Event: 0.416 loading class java/util/stream/MatchOps$BooleanTerminalSink
Event: 0.416 loading class java/util/stream/MatchOps$BooleanTerminalSink done
Event: 0.416 loading class java/util/stream/MatchOps$1MatchSink
Event: 0.416 loading class java/util/stream/MatchOps$1MatchSink done
Event: 0.432 Thread 0x0000025e9f0c56a0 Thread added: 0x0000025e9f0c56a0
Event: 0.437 Executing VM operation: G1CollectForAllocation
Event: 0.439 Executing VM operation: G1CollectForAllocation done
Event: 0.444 loading class java/util/RegularEnumSet$EnumSetIterator
Event: 0.444 loading class java/util/RegularEnumSet$EnumSetIterator done


Dynamic libraries:
0x00007ff6af080000 - 0x00007ff6af088000 	C:\Program Files\Java\jdk-15.0.1\bin\javac.exe
0x00007ff9a8a50000 - 0x00007ff9a8c45000 	C:\WINDOWS\SYSTEM32\ntdll.dll
0x00007ff9a8870000 - 0x00007ff9a892d000 	C:\WINDOWS\System32\KERNEL32.DLL
0x00007ff9a6670000 - 0x00007ff9a6938000 	C:\WINDOWS\System32\KERNELBASE.dll
0x00007ff9a6570000 - 0x00007ff9a6670000 	C:\WINDOWS\System32\ucrtbase.dll
0x00007ff9a03e0000 - 0x00007ff9a03f8000 	C:\Program Files\Java\jdk-15.0.1\bin\jli.dll
0x00007ff984b60000 - 0x00007ff984b79000 	C:\Program Files\Java\jdk-15.0.1\bin\VCRUNTIME140.dll
0x00007ff9a8540000 - 0x00007ff9a85ec000 	C:\WINDOWS\System32\ADVAPI32.dll
0x00007ff9a7570000 - 0x00007ff9a760e000 	C:\WINDOWS\System32\msvcrt.dll
0x00007ff9a6ac0000 - 0x00007ff9a6b5b000 	C:\WINDOWS\System32\sechost.dll
0x00007ff9a76f0000 - 0x00007ff9a781b000 	C:\WINDOWS\System32\RPCRT4.dll
0x00007ff9a6ed0000 - 0x00007ff9a7070000 	C:\WINDOWS\System32\USER32.dll
0x00007ff9a6940000 - 0x00007ff9a6962000 	C:\WINDOWS\System32\win32u.dll
0x00007ff993760000 - 0x00007ff9939fa000 	C:\WINDOWS\WinSxS\amd64_microsoft.windows.common-controls_6595b64144ccf1df_6.0.19041.844_none_ca00b6081b84eb1d\COMCTL32.dll
0x00007ff9a8840000 - 0x00007ff9a886a000 	C:\WINDOWS\System32\GDI32.dll
0x00007ff9a6300000 - 0x00007ff9a640b000 	C:\WINDOWS\System32\gdi32full.dll
0x00007ff9a6260000 - 0x00007ff9a62fd000 	C:\WINDOWS\System32\msvcp_win.dll
0x00007ff99f750000 - 0x00007ff99f75a000 	C:\WINDOWS\SYSTEM32\VERSION.dll
0x00007ff9a87a0000 - 0x00007ff9a87d0000 	C:\WINDOWS\System32\IMM32.DLL
0x00007ff988e70000 - 0x00007ff988e7c000 	C:\Program Files\Java\jdk-15.0.1\bin\vcruntime140_1.dll
0x00007ff97edf0000 - 0x00007ff97ee81000 	C:\Program Files\Java\jdk-15.0.1\bin\msvcp140.dll
0x00007ff96b5c0000 - 0x00007ff96c11e000 	C:\Program Files\Java\jdk-15.0.1\bin\server\jvm.dll
0x00007ff9a6ab0000 - 0x00007ff9a6ab8000 	C:\WINDOWS\System32\PSAPI.DLL
0x00007ff98a620000 - 0x00007ff98a629000 	C:\WINDOWS\SYSTEM32\WSOCK32.dll
0x00007ff99cd70000 - 0x00007ff99cd97000 	C:\WINDOWS\SYSTEM32\WINMM.dll
0x00007ff9a7820000 - 0x00007ff9a788b000 	C:\WINDOWS\System32\WS2_32.dll
0x00007ff9a4a60000 - 0x00007ff9a4a72000 	C:\WINDOWS\SYSTEM32\kernel.appcore.dll
0x00007ff9881b0000 - 0x00007ff9881ba000 	C:\Program Files\Java\jdk-15.0.1\bin\jimage.dll
0x00007ff9a40b0000 - 0x00007ff9a4294000 	C:\WINDOWS\SYSTEM32\DBGHELP.DLL
0x00007ff996500000 - 0x00007ff99652c000 	C:\WINDOWS\SYSTEM32\dbgcore.DLL
0x00007ff9a61e0000 - 0x00007ff9a6260000 	C:\WINDOWS\System32\bcryptPrimitives.dll
0x00007ff97ee90000 - 0x00007ff97eeb5000 	C:\Program Files\Java\jdk-15.0.1\bin\java.dll
0x00007ff9a7df0000 - 0x00007ff9a8532000 	C:\WINDOWS\System32\SHELL32.dll
0x00007ff9a42b0000 - 0x00007ff9a4a41000 	C:\WINDOWS\SYSTEM32\windows.storage.dll
0x00007ff9a7070000 - 0x00007ff9a73c5000 	C:\WINDOWS\System32\combase.dll
0x00007ff9a5c00000 - 0x00007ff9a5c2c000 	C:\WINDOWS\SYSTEM32\Wldp.dll
0x00007ff9a6d50000 - 0x00007ff9a6dfe000 	C:\WINDOWS\System32\SHCORE.dll
0x00007ff9a7690000 - 0x00007ff9a76e5000 	C:\WINDOWS\System32\shlwapi.dll
0x00007ff9a60d0000 - 0x00007ff9a60ef000 	C:\WINDOWS\SYSTEM32\profapi.dll
0x00007ff981ee0000 - 0x00007ff981ef9000 	C:\Program Files\Java\jdk-15.0.1\bin\net.dll
0x00007ff999ad0000 - 0x00007ff999bdb000 	C:\WINDOWS\SYSTEM32\WINHTTP.dll
0x00007ff9a5970000 - 0x00007ff9a59da000 	C:\WINDOWS\system32\mswsock.dll
0x00007ff980720000 - 0x00007ff980732000 	C:\Program Files\Java\jdk-15.0.1\bin\nio.dll
0x00007ff980280000 - 0x00007ff980298000 	C:\Program Files\Java\jdk-15.0.1\bin\zip.dll

dbghelp: loaded successfully - version: 4.0.5 - missing functions: none
symbol engine: initialized successfully - sym options: 0x614 - pdb path: .;C:\Program Files\Java\jdk-15.0.1\bin;C:\WINDOWS\SYSTEM32;C:\WINDOWS\WinSxS\amd64_microsoft.windows.common-controls_6595b64144ccf1df_6.0.19041.844_none_ca00b6081b84eb1d;C:\Program Files\Java\jdk-15.0.1\bin\server

VM Arguments:
jvm_args: -Dapplication.home=C:\Program Files\Java\jdk-15.0.1 --add-modules=ALL-DEFAULT -Xms8m -Djdk.module.main=jdk.compiler 
java_command: jdk.compiler/com.sun.tools.javac.Main -d C:\Users\Harshit\Documents\NetBeansProjects\Library Management System\build\classes -classpath C:\Users\Harshit\Documents\NetBeansProjects\Library Management System\build\classes;C:\Users\Harshit\Downloads\mysql-connector-java-8.0.24\mysql-connector-java-8.0.24\mysql-connector-java-8.0.24.jar;C:\Users\Harshit\Documents\original\Library-Management-System\src\library\management\system\Jar\jcalendar-tz-1.3.3-4.jar;C:\Users\Harshit\Documents\original\Library-Management-System\src\library\management\system\Jar\rs2xml.jar -sourcepath C:\Users\Harshit\Documents\NetBeansProjects\Library Management System\build\empty -target 15 -encoding UTF-8 -g -processorpath C:\Users\Harshit\Downloads\mysql-connector-java-8.0.24\mysql-connector-java-8.0.24\mysql-connector-java-8.0.24.jar;C:\Users\Harshit\Documents\original\Library-Management-System\src\library\management\system\Jar\jcalendar-tz-1.3.3-4.jar;C:\Users\Harshit\Documents\original\Library-Management-System\src\library\management\system\Jar\rs2xml.jar;C:\Users\Harshit\Documents\NetBeansProjects\Library Management System\build\empty -s C:\Users\Harshit\Documents\NetBeansProjects\Library Management System\build\generated-sources\ap-source-output -source 15 C:\Users\Harshit\Documents\NetBeansProjects\Library Management System\src\library\management\system\BookDetails.java
java_class_path (initial): <not set>
Launcher Type: SUN_STANDARD

[Global flags]
     intx CICompilerCount                          = 4                                         {product} {ergonomic}
     uint ConcGCThreads                            = 2                                         {product} {ergonomic}
     uint G1ConcRefinementThreads                  = 8                                         {product} {ergonomic}
   size_t G1HeapRegionSize                         = 1048576                                   {product} {ergonomic}
    uintx GCDrainStackTargetSize                   = 64                                        {product} {ergonomic}
   size_t InitialHeapSize                          = 8388608                                   {product} {command line}
   size_t MarkStackSize                            = 4194304                                   {product} {ergonomic}
   size_t MaxHeapSize                              = 1595932672                                {product} {ergonomic}
   size_t MaxNewSize                               = 957349888                                 {product} {ergonomic}
   size_t MinHeapDeltaBytes                        = 1048576                                   {product} {ergonomic}
   size_t MinHeapSize                              = 8388608                                   {product} {command line}
    uintx NonNMethodCodeHeapSize                   = 5839372                                {pd product} {ergonomic}
    uintx NonProfiledCodeHeapSize                  = 122909434                              {pd product} {ergonomic}
    uintx ProfiledCodeHeapSize                     = 122909434                              {pd product} {ergonomic}
    uintx ReservedCodeCacheSize                    = 251658240                              {pd product} {ergonomic}
     bool SegmentedCodeCache                       = true                                      {product} {ergonomic}
   size_t SoftMaxHeapSize                          = 1595932672                             {manageable} {ergonomic}
     bool UseCompressedClassPointers               = true                                 {lp64_product} {ergonomic}
     bool UseCompressedOops                        = true                                 {lp64_product} {ergonomic}
     bool UseG1GC                                  = true                                      {product} {ergonomic}
     bool UseLargePagesIndividualAllocation        = false                                  {pd product} {ergonomic}

Logging:
Log output configuration:
 #0: stdout all=warning uptime,level,tags
 #1: stderr all=off uptime,level,tags

Environment Variables:
JAVA_HOME=C:\Program Files\Java\jdk-15.0.1
PATH=C:\Program Files (x86)\Common Files\Oracle\Java\javapath;C:\Program Files\Common Files\Oracle\Java\javapath;C:\Windows\system32;C:\Windows;C:\Windows\System32\Wbem;C:\Windows\System32\WindowsPowerShell\v1.0\;C:\Windows\System32\OpenSSH\;C:\Program Files (x86)\NVIDIA Corporation\PhysX\Common;C:\Program Files\NVIDIA Corporation\NVIDIA NvDLISR;C:\Program Files (x86)\Git\cmd;C:\Program Files (x86)\nodejs\;C:\Program Files\Java\jdk-15.0.1\bin;C:\Program Files\Java\jre1.8.0_271\bin;;%SystemRoot%\system32;%SystemRoot%;%SystemRoot%\System32\Wbem;%SYSTEMROOT%\System32\WindowsPowerShell\v1.0\;%SYSTEMROOT%\System32\OpenSSH\;C:\Users\Harshit\AppData\Local\Microsoft\WindowsApps;C:\Program Files (x86)\mingw-w64\i686-8.1.0-posix-dwarf-rt_v6-rev0\mingw32\bin;;C:\Users\Harshit\AppData\Local\Programs\Microsoft VS Code\bin
USERNAME=Harshit
OS=Windows_NT
PROCESSOR_IDENTIFIER=AMD64 Family 23 Model 24 Stepping 1, AuthenticAMD



---------------  S Y S T E M  ---------------

OS:
 Windows 10 , 64 bit Build 19041 (10.0.19041.928)
OS uptime: 5 days 9:04 hours

CPU: total 8 (initial active 8) (8 cores per cpu, 2 threads per core) family 23 model 24 stepping 1 microcode 0x0, cmov, cx8, fxsr, mmx, sse, sse2, sse3, ssse3, sse4.1, sse4.2, popcnt, vzeroupper, avx, avx2, aes, clmul, 3dnowpref, lzcnt, sse4a, ht, tsc, tscinvbit, tscinv, bmi1, bmi2, adx, sha, fma, clflush, clflushopt

Memory: 4k page, system-wide physical 6081M (493M free)
TotalPageFile size 24513M (AvailPageFile size 4M)
current process WorkingSet (physical memory assigned to process): 63M, peak: 63M
current process commit charge ("private bytes"): 104M, peak: 105M

vm_info: Java HotSpot(TM) 64-Bit Server VM (15.0.1+9-18) for windows-amd64 JRE (15.0.1+9-18), built on Sep 15 2020 14:43:54 by "mach5one" with unknown MS VC++:1925

END.
