#
# There is insufficient memory for the Java Runtime Environment to continue.
# Native memory allocation (malloc) failed to allocate 1476176 bytes for Chunk::new
# Possible reasons:
#   The system is out of physical RAM or swap space
#   The process is running with CompressedOops enabled, and the Java Heap may be blocking the growth of the native heap
# Possible solutions:
#   Reduce memory load on the system
#   Increase physical memory or swap space
#   Check if swap backing store is full
#   Decrease Java heap size (-Xmx/-Xms)
#   Decrease number of Java threads
#   Decrease Java thread stack sizes (-Xss)
#   Set larger code cache with -XX:ReservedCodeCacheSize=
#   JVM is running with Unscaled Compressed Oops mode in which the Java heap is
#     placed in the first 4GB address space. The Java Heap base address is the
#     maximum limit for the native heap growth. Please use -XX:HeapBaseMinAddress
#     to set the Java Heap base and to place the Java Heap above 4GB virtual address.
# This output file may be truncated or incomplete.
#
#  Out of Memory Error (./open/src/hotspot/share/memory/arena.cpp:195), pid=10556, tid=27492
#
# JRE version: Java(TM) SE Runtime Environment (15.0.1+9) (build 15.0.1+9-18)
# Java VM: Java HotSpot(TM) 64-Bit Server VM (15.0.1+9-18, mixed mode, sharing, tiered, compressed oops, g1 gc, windows-amd64)
# No core dump will be written. Minidumps are not enabled by default on client versions of Windows
#

---------------  S U M M A R Y ------------

Command Line: -Dfile.encoding=UTF-8 library.management.system.LibraryManagementSystem

Host: AMD Ryzen 5 3550H with Radeon Vega Mobile Gfx  , 8 cores, 5G,  Windows 10 , 64 bit Build 19041 (10.0.19041.928)
Time: Wed May 12 22:40:21 2021 India Standard Time elapsed time: 8.337506 seconds (0d 0h 0m 8s)

---------------  T H R E A D  ---------------

Current thread (0x0000024dfa379c30):  JavaThread "C2 CompilerThread0" daemon [_thread_in_native, id=27492, stack(0x000000e3e5500000,0x000000e3e5600000)]


Current CompileTask:
C2:   8338 2398   !   4       sun.awt.image.PNGImageDecoder::produceImage (1917 bytes)

Stack: [0x000000e3e5500000,0x000000e3e5600000]
Native frames: (J=compiled Java code, j=interpreted, Vv=VM code, C=native code)
V  [jvm.dll+0x62ae9a]
V  [jvm.dll+0x781389]
V  [jvm.dll+0x782ae3]
V  [jvm.dll+0x783143]
V  [jvm.dll+0x216265]
V  [jvm.dll+0x97efa]
V  [jvm.dll+0x985dc]
V  [jvm.dll+0x32e4c8]
V  [jvm.dll+0x2f78aa]
V  [jvm.dll+0x2f6c6a]
V  [jvm.dll+0x1ea645]
V  [jvm.dll+0x1e98ae]
V  [jvm.dll+0x1784c7]
V  [jvm.dll+0x1f9165]
V  [jvm.dll+0x1f720c]
V  [jvm.dll+0x74485d]
V  [jvm.dll+0x73d65a]
V  [jvm.dll+0x629c56]
C  [ucrtbase.dll+0x21bb2]
C  [KERNEL32.DLL+0x17034]
C  [ntdll.dll+0x52651]


---------------  P R O C E S S  ---------------

Threads class SMR info:
_java_thread_list=0x0000024d8242a730, length=20, elements={
0x0000024ddcc1e840, 0x0000024dfa35ced0, 0x0000024dfa375eb0, 0x0000024dfa378780,
0x0000024dfa379040, 0x0000024dfa379c30, 0x0000024dfa37e0f0, 0x0000024dfa38f5e0,
0x0000024dfada5e30, 0x0000024dfadbdbc0, 0x0000024dfb032830, 0x0000024dfb035980,
0x0000024dfb015d20, 0x0000024dfbaabad0, 0x0000024dfbb1b020, 0x0000024dfbb26db0,
0x0000024dfbb25f40, 0x0000024dfbb250d0, 0x0000024dfbb27280, 0x0000024dfbb24730
}

Java Threads: ( => current thread )
  0x0000024ddcc1e840 JavaThread "Reference Handler" daemon [_thread_blocked, id=26812, stack(0x000000e3e5000000,0x000000e3e5100000)]
  0x0000024dfa35ced0 JavaThread "Finalizer" daemon [_thread_blocked, id=26360, stack(0x000000e3e5100000,0x000000e3e5200000)]
  0x0000024dfa375eb0 JavaThread "Signal Dispatcher" daemon [_thread_blocked, id=27468, stack(0x000000e3e5200000,0x000000e3e5300000)]
  0x0000024dfa378780 JavaThread "Attach Listener" daemon [_thread_blocked, id=27356, stack(0x000000e3e5300000,0x000000e3e5400000)]
  0x0000024dfa379040 JavaThread "Service Thread" daemon [_thread_blocked, id=15540, stack(0x000000e3e5400000,0x000000e3e5500000)]
=>0x0000024dfa379c30 JavaThread "C2 CompilerThread0" daemon [_thread_in_native, id=27492, stack(0x000000e3e5500000,0x000000e3e5600000)]
  0x0000024dfa37e0f0 JavaThread "C1 CompilerThread0" daemon [_thread_blocked, id=18892, stack(0x000000e3e5600000,0x000000e3e5700000)]
  0x0000024dfa38f5e0 JavaThread "Sweeper thread" daemon [_thread_blocked, id=27364, stack(0x000000e3e5700000,0x000000e3e5800000)]
  0x0000024dfada5e30 JavaThread "Notification Thread" daemon [_thread_blocked, id=27404, stack(0x000000e3e5800000,0x000000e3e5900000)]
  0x0000024dfadbdbc0 JavaThread "Common-Cleaner" daemon [_thread_blocked, id=4240, stack(0x000000e3e5a00000,0x000000e3e5b00000)]
  0x0000024dfb032830 JavaThread "Java2D Disposer" daemon [_thread_blocked, id=26972, stack(0x000000e3e5b00000,0x000000e3e5c00000)]
  0x0000024dfb035980 JavaThread "AWT-Shutdown" [_thread_blocked, id=24448, stack(0x000000e3e5c00000,0x000000e3e5d00000)]
  0x0000024dfb015d20 JavaThread "AWT-Windows" daemon [_thread_in_native, id=18500, stack(0x000000e3e5d00000,0x000000e3e5e00000)]
  0x0000024dfbaabad0 JavaThread "AWT-EventQueue-0" [_thread_blocked, id=26180, stack(0x000000e3e6700000,0x000000e3e6800000)]
  0x0000024dfbb1b020 JavaThread "D3D Screen Updater" daemon [_thread_blocked, id=27264, stack(0x000000e3e6800000,0x000000e3e6900000)]
  0x0000024dfbb26db0 JavaThread "DestroyJavaVM" [_thread_blocked, id=27644, stack(0x000000e3e4900000,0x000000e3e4a00000)]
  0x0000024dfbb25f40 JavaThread "TimerQueue" daemon [_thread_blocked, id=9052, stack(0x000000e3e6a00000,0x000000e3e6b00000)]
  0x0000024dfbb250d0 JavaThread "mysql-cj-abandoned-connection-cleanup" daemon [_thread_blocked, id=26924, stack(0x000000e3e6b00000,0x000000e3e6c00000)]
  0x0000024dfbb27280 JavaThread "Image Fetcher 0" daemon [_thread_blocked, id=26000, stack(0x000000e3e6600000,0x000000e3e6700000)]
  0x0000024dfbb24730 JavaThread "Image Fetcher 1" daemon [_thread_in_Java, id=496, stack(0x000000e3e6c00000,0x000000e3e6d00000)]

Other Threads:
  0x0000024dfa35a7b0 VMThread "VM Thread" [stack: 0x000000e3e4f00000,0x000000e3e5000000] [id=26896]
  0x0000024dfadb72f0 WatcherThread [stack: 0x000000e3e5900000,0x000000e3e5a00000] [id=13356]
  0x0000024ddcb79d20 GCTaskThread "GC Thread#0" [stack: 0x000000e3e4a00000,0x000000e3e4b00000] [id=3408]
  0x0000024dfafe2280 GCTaskThread "GC Thread#1" [stack: 0x000000e3e6d00000,0x000000e3e6e00000] [id=7580]
  0x0000024dfafdfc40 GCTaskThread "GC Thread#2" [stack: 0x000000e3e6e00000,0x000000e3e6f00000] [id=6224]
  0x0000024dfafdff70 GCTaskThread "GC Thread#3" [stack: 0x000000e3e6f00000,0x000000e3e7000000] [id=27068]
  0x0000024dfafe05d0 GCTaskThread "GC Thread#4" [stack: 0x000000e3e7000000,0x000000e3e7100000] [id=27028]
  0x0000024dfafe0900 GCTaskThread "GC Thread#5" [stack: 0x000000e3e7100000,0x000000e3e7200000] [id=1256]
  0x0000024ddcb88be0 ConcurrentGCThread "G1 Main Marker" [stack: 0x000000e3e4b00000,0x000000e3e4c00000] [id=26856]
  0x0000024ddcb89d80 ConcurrentGCThread "G1 Conc#0" [stack: 0x000000e3e4c00000,0x000000e3e4d00000] [id=27128]
  0x0000024ddcbfdec0 ConcurrentGCThread "G1 Refine#0" [stack: 0x000000e3e4d00000,0x000000e3e4e00000] [id=27388]
  0x0000024dfc065dc0 ConcurrentGCThread "G1 Refine#1" [stack: 0x000000e3e7200000,0x000000e3e7300000] [id=27192]
  0x0000024d820746e0 ConcurrentGCThread "G1 Refine#2" [stack: 0x000000e3e7300000,0x000000e3e7400000] [id=9356]
  0x0000024ddcbff780 ConcurrentGCThread "G1 Young RemSet Sampling" [stack: 0x000000e3e4e00000,0x000000e3e4f00000] [id=11940]

Threads with active compile tasks:
C2 CompilerThread0     8367 2398   !   4       sun.awt.image.PNGImageDecoder::produceImage (1917 bytes)

VM state: not at safepoint (normal execution)

VM Mutex/Monitor currently owned by a thread: None

Heap address: 0x00000000a0e00000, size: 1522 MB, Compressed Oops mode: 32-bit
CDS archive(s) mapped at: [0x0000000800000000-0x0000000800b50000-0x0000000800b50000), size 11862016, SharedBaseAddress: 0x0000000800000000, ArchiveRelocationMode: 0.
Compressed class space mapped at: 0x0000000800b50000-0x0000000840b50000, size: 1073741824
Narrow klass base: 0x0000000800000000, Narrow klass shift: 3, Narrow klass range: 0x100000000

GC Precious Log:
 CPUs: 8 total, 8 available
 Memory: 6081M
 Large Page Support: Disabled
 NUMA Support: Disabled
 Compressed Oops: Enabled (32-bit)
 Heap Region Size: 1M
 Heap Min Capacity: 8M
 Heap Initial Capacity: 96M
 Heap Max Capacity: 1522M
 Pre-touch: Disabled
 Parallel Workers: 8
 Concurrent Workers: 2
 Concurrent Refinement Workers: 8
 Periodic GC: Disabled

Heap:
 garbage-first heap   total 98304K, used 34481K [0x00000000a0e00000, 0x0000000100000000)
  region size 1024K, 14 young (14336K), 3 survivors (3072K)
 Metaspace       used 19381K, capacity 19619K, committed 19712K, reserved 1067008K
  class space    used 2149K, capacity 2240K, committed 2304K, reserved 1048576K

Heap Regions: E=young(eden), S=young(survivor), O=old, HS=humongous(starts), HC=humongous(continues), CS=collection set, F=free, OA=open archive, CA=closed archive, TAMS=top-at-mark-start (previous, next)
|   0|0x00000000a0e00000, 0x00000000a0f00000, 0x00000000a0f00000|100%|HS|  |TAMS 0x00000000a0e00000, 0x00000000a0e00000| Complete 
|   1|0x00000000a0f00000, 0x00000000a1000000, 0x00000000a1000000|100%|HC|  |TAMS 0x00000000a0f00000, 0x00000000a0f00000| Complete 
|   2|0x00000000a1000000, 0x00000000a1100000, 0x00000000a1100000|100%|HC|  |TAMS 0x00000000a1000000, 0x00000000a1000000| Complete 
|   3|0x00000000a1100000, 0x00000000a1200000, 0x00000000a1200000|100%|HS|  |TAMS 0x00000000a1100000, 0x00000000a1100000| Complete 
|   4|0x00000000a1200000, 0x00000000a1300000, 0x00000000a1300000|100%|HC|  |TAMS 0x00000000a1200000, 0x00000000a1200000| Complete 
|   5|0x00000000a1300000, 0x00000000a1400000, 0x00000000a1400000|100%|HC|  |TAMS 0x00000000a1300000, 0x00000000a1300000| Complete 
|   6|0x00000000a1400000, 0x00000000a1500000, 0x00000000a1500000|100%| O|  |TAMS 0x00000000a1400000, 0x00000000a1400000| Untracked 
|   7|0x00000000a1500000, 0x00000000a1600000, 0x00000000a1600000|100%| O|  |TAMS 0x00000000a1500000, 0x00000000a1500000| Untracked 
|   8|0x00000000a1600000, 0x00000000a1700000, 0x00000000a1700000|100%| O|  |TAMS 0x00000000a1600000, 0x00000000a1600000| Untracked 
|   9|0x00000000a1700000, 0x00000000a1800000, 0x00000000a1800000|100%|HS|  |TAMS 0x00000000a1700000, 0x00000000a1700000| Complete 
|  10|0x00000000a1800000, 0x00000000a1900000, 0x00000000a1900000|100%|HC|  |TAMS 0x00000000a1800000, 0x00000000a1800000| Complete 
|  11|0x00000000a1900000, 0x00000000a1a00000, 0x00000000a1a00000|100%| O|  |TAMS 0x00000000a1900000, 0x00000000a1900000| Untracked 
|  12|0x00000000a1a00000, 0x00000000a1b00000, 0x00000000a1b00000|100%| O|  |TAMS 0x00000000a1a00000, 0x00000000a1a00000| Untracked 
|  13|0x00000000a1b00000, 0x00000000a1b3ac00, 0x00000000a1c00000| 22%| O|  |TAMS 0x00000000a1b00000, 0x00000000a1b00000| Untracked 
|  14|0x00000000a1c00000, 0x00000000a1d00000, 0x00000000a1d00000|100%|HS|  |TAMS 0x00000000a1c00000, 0x00000000a1c00000| Complete 
|  15|0x00000000a1d00000, 0x00000000a1e00000, 0x00000000a1e00000|100%|HC|  |TAMS 0x00000000a1d00000, 0x00000000a1d00000| Complete 
|  16|0x00000000a1e00000, 0x00000000a1f00000, 0x00000000a1f00000|100%|HC|  |TAMS 0x00000000a1e00000, 0x00000000a1e00000| Complete 
|  17|0x00000000a1f00000, 0x00000000a2000000, 0x00000000a2000000|100%|HS|  |TAMS 0x00000000a1f00000, 0x00000000a1f00000| Complete 
|  18|0x00000000a2000000, 0x00000000a2100000, 0x00000000a2100000|100%|HC|  |TAMS 0x00000000a2000000, 0x00000000a2000000| Complete 
|  19|0x00000000a2100000, 0x00000000a2200000, 0x00000000a2200000|100%|HS|  |TAMS 0x00000000a2100000, 0x00000000a2100000| Complete 
|  20|0x00000000a2200000, 0x00000000a2300000, 0x00000000a2300000|100%|HC|  |TAMS 0x00000000a2200000, 0x00000000a2200000| Complete 
|  21|0x00000000a2300000, 0x00000000a2400000, 0x00000000a2400000|100%|HC|  |TAMS 0x00000000a2300000, 0x00000000a2300000| Complete 
|  22|0x00000000a2400000, 0x00000000a2400000, 0x00000000a2500000|  0%| F|  |TAMS 0x00000000a2400000, 0x00000000a2400000| Untracked 
|  23|0x00000000a2500000, 0x00000000a2500000, 0x00000000a2600000|  0%| F|  |TAMS 0x00000000a2500000, 0x00000000a2500000| Untracked 
|  24|0x00000000a2600000, 0x00000000a2600000, 0x00000000a2700000|  0%| F|  |TAMS 0x00000000a2600000, 0x00000000a2600000| Untracked 
|  25|0x00000000a2700000, 0x00000000a2700000, 0x00000000a2800000|  0%| F|  |TAMS 0x00000000a2700000, 0x00000000a2700000| Untracked 
|  26|0x00000000a2800000, 0x00000000a2800000, 0x00000000a2900000|  0%| F|  |TAMS 0x00000000a2800000, 0x00000000a2800000| Untracked 
|  27|0x00000000a2900000, 0x00000000a2900000, 0x00000000a2a00000|  0%| F|  |TAMS 0x00000000a2900000, 0x00000000a2900000| Untracked 
|  28|0x00000000a2a00000, 0x00000000a2a00000, 0x00000000a2b00000|  0%| F|  |TAMS 0x00000000a2a00000, 0x00000000a2a00000| Untracked 
|  29|0x00000000a2b00000, 0x00000000a2b00000, 0x00000000a2c00000|  0%| F|  |TAMS 0x00000000a2b00000, 0x00000000a2b00000| Untracked 
|  30|0x00000000a2c00000, 0x00000000a2c00000, 0x00000000a2d00000|  0%| F|  |TAMS 0x00000000a2c00000, 0x00000000a2c00000| Untracked 
|  31|0x00000000a2d00000, 0x00000000a2d00000, 0x00000000a2e00000|  0%| F|  |TAMS 0x00000000a2d00000, 0x00000000a2d00000| Untracked 
|  32|0x00000000a2e00000, 0x00000000a2e00000, 0x00000000a2f00000|  0%| F|  |TAMS 0x00000000a2e00000, 0x00000000a2e00000| Untracked 
|  33|0x00000000a2f00000, 0x00000000a2f00000, 0x00000000a3000000|  0%| F|  |TAMS 0x00000000a2f00000, 0x00000000a2f00000| Untracked 
|  34|0x00000000a3000000, 0x00000000a3000000, 0x00000000a3100000|  0%| F|  |TAMS 0x00000000a3000000, 0x00000000a3000000| Untracked 
|  35|0x00000000a3100000, 0x00000000a3100000, 0x00000000a3200000|  0%| F|  |TAMS 0x00000000a3100000, 0x00000000a3100000| Untracked 
|  36|0x00000000a3200000, 0x00000000a3200000, 0x00000000a3300000|  0%| F|  |TAMS 0x00000000a3200000, 0x00000000a3200000| Untracked 
|  37|0x00000000a3300000, 0x00000000a3300000, 0x00000000a3400000|  0%| F|  |TAMS 0x00000000a3300000, 0x00000000a3300000| Untracked 
|  38|0x00000000a3400000, 0x00000000a3400000, 0x00000000a3500000|  0%| F|  |TAMS 0x00000000a3400000, 0x00000000a3400000| Untracked 
|  39|0x00000000a3500000, 0x00000000a3500000, 0x00000000a3600000|  0%| F|  |TAMS 0x00000000a3500000, 0x00000000a3500000| Untracked 
|  40|0x00000000a3600000, 0x00000000a3600000, 0x00000000a3700000|  0%| F|  |TAMS 0x00000000a3600000, 0x00000000a3600000| Untracked 
|  41|0x00000000a3700000, 0x00000000a3700000, 0x00000000a3800000|  0%| F|  |TAMS 0x00000000a3700000, 0x00000000a3700000| Untracked 
|  42|0x00000000a3800000, 0x00000000a3800000, 0x00000000a3900000|  0%| F|  |TAMS 0x00000000a3800000, 0x00000000a3800000| Untracked 
|  43|0x00000000a3900000, 0x00000000a3900000, 0x00000000a3a00000|  0%| F|  |TAMS 0x00000000a3900000, 0x00000000a3900000| Untracked 
|  44|0x00000000a3a00000, 0x00000000a3a00000, 0x00000000a3b00000|  0%| F|  |TAMS 0x00000000a3a00000, 0x00000000a3a00000| Untracked 
|  45|0x00000000a3b00000, 0x00000000a3b00000, 0x00000000a3c00000|  0%| F|  |TAMS 0x00000000a3b00000, 0x00000000a3b00000| Untracked 
|  46|0x00000000a3c00000, 0x00000000a3c00000, 0x00000000a3d00000|  0%| F|  |TAMS 0x00000000a3c00000, 0x00000000a3c00000| Untracked 
|  47|0x00000000a3d00000, 0x00000000a3d00000, 0x00000000a3e00000|  0%| F|  |TAMS 0x00000000a3d00000, 0x00000000a3d00000| Untracked 
|  48|0x00000000a3e00000, 0x00000000a3e00000, 0x00000000a3f00000|  0%| F|  |TAMS 0x00000000a3e00000, 0x00000000a3e00000| Untracked 
|  49|0x00000000a3f00000, 0x00000000a3f00000, 0x00000000a4000000|  0%| F|  |TAMS 0x00000000a3f00000, 0x00000000a3f00000| Untracked 
|  50|0x00000000a4000000, 0x00000000a4000000, 0x00000000a4100000|  0%| F|  |TAMS 0x00000000a4000000, 0x00000000a4000000| Untracked 
|  51|0x00000000a4100000, 0x00000000a4100000, 0x00000000a4200000|  0%| F|  |TAMS 0x00000000a4100000, 0x00000000a4100000| Untracked 
|  52|0x00000000a4200000, 0x00000000a4200000, 0x00000000a4300000|  0%| F|  |TAMS 0x00000000a4200000, 0x00000000a4200000| Untracked 
|  53|0x00000000a4300000, 0x00000000a4300000, 0x00000000a4400000|  0%| F|  |TAMS 0x00000000a4300000, 0x00000000a4300000| Untracked 
|  54|0x00000000a4400000, 0x00000000a4400000, 0x00000000a4500000|  0%| F|  |TAMS 0x00000000a4400000, 0x00000000a4400000| Untracked 
|  55|0x00000000a4500000, 0x00000000a4500000, 0x00000000a4600000|  0%| F|  |TAMS 0x00000000a4500000, 0x00000000a4500000| Untracked 
|  56|0x00000000a4600000, 0x00000000a4600000, 0x00000000a4700000|  0%| F|  |TAMS 0x00000000a4600000, 0x00000000a4600000| Untracked 
|  57|0x00000000a4700000, 0x00000000a4700000, 0x00000000a4800000|  0%| F|  |TAMS 0x00000000a4700000, 0x00000000a4700000| Untracked 
|  58|0x00000000a4800000, 0x00000000a4800000, 0x00000000a4900000|  0%| F|  |TAMS 0x00000000a4800000, 0x00000000a4800000| Untracked 
|  59|0x00000000a4900000, 0x00000000a4900000, 0x00000000a4a00000|  0%| F|  |TAMS 0x00000000a4900000, 0x00000000a4900000| Untracked 
|  60|0x00000000a4a00000, 0x00000000a4a00000, 0x00000000a4b00000|  0%| F|  |TAMS 0x00000000a4a00000, 0x00000000a4a00000| Untracked 
|  61|0x00000000a4b00000, 0x00000000a4b00000, 0x00000000a4c00000|  0%| F|  |TAMS 0x00000000a4b00000, 0x00000000a4b00000| Untracked 
|  62|0x00000000a4c00000, 0x00000000a4c00000, 0x00000000a4d00000|  0%| F|  |TAMS 0x00000000a4c00000, 0x00000000a4c00000| Untracked 
|  63|0x00000000a4d00000, 0x00000000a4d00000, 0x00000000a4e00000|  0%| F|  |TAMS 0x00000000a4d00000, 0x00000000a4d00000| Untracked 
|  64|0x00000000a4e00000, 0x00000000a4e00000, 0x00000000a4f00000|  0%| F|  |TAMS 0x00000000a4e00000, 0x00000000a4e00000| Untracked 
|  65|0x00000000a4f00000, 0x00000000a4f00000, 0x00000000a5000000|  0%| F|  |TAMS 0x00000000a4f00000, 0x00000000a4f00000| Untracked 
|  66|0x00000000a5000000, 0x00000000a5000000, 0x00000000a5100000|  0%| F|  |TAMS 0x00000000a5000000, 0x00000000a5000000| Untracked 
|  67|0x00000000a5100000, 0x00000000a5100000, 0x00000000a5200000|  0%| F|  |TAMS 0x00000000a5100000, 0x00000000a5100000| Untracked 
|  68|0x00000000a5200000, 0x00000000a5200000, 0x00000000a5300000|  0%| F|  |TAMS 0x00000000a5200000, 0x00000000a5200000| Untracked 
|  69|0x00000000a5300000, 0x00000000a53718d0, 0x00000000a5400000| 44%| S|CS|TAMS 0x00000000a5300000, 0x00000000a5300000| Complete 
|  70|0x00000000a5400000, 0x00000000a5400000, 0x00000000a5500000|  0%| F|  |TAMS 0x00000000a5400000, 0x00000000a5400000| Untracked 
|  71|0x00000000a5500000, 0x00000000a5500000, 0x00000000a5600000|  0%| F|  |TAMS 0x00000000a5500000, 0x00000000a5500000| Untracked 
|  72|0x00000000a5600000, 0x00000000a5600000, 0x00000000a5700000|  0%| F|  |TAMS 0x00000000a5600000, 0x00000000a5600000| Untracked 
|  73|0x00000000a5700000, 0x00000000a5800000, 0x00000000a5800000|100%| S|CS|TAMS 0x00000000a5700000, 0x00000000a5700000| Complete 
|  74|0x00000000a5800000, 0x00000000a5900000, 0x00000000a5900000|100%| S|CS|TAMS 0x00000000a5800000, 0x00000000a5800000| Complete 
|  75|0x00000000a5900000, 0x00000000a5900000, 0x00000000a5a00000|  0%| F|  |TAMS 0x00000000a5900000, 0x00000000a5900000| Untracked 
|  76|0x00000000a5a00000, 0x00000000a5a00000, 0x00000000a5b00000|  0%| F|  |TAMS 0x00000000a5a00000, 0x00000000a5a00000| Untracked 
|  77|0x00000000a5b00000, 0x00000000a5b00000, 0x00000000a5c00000|  0%| F|  |TAMS 0x00000000a5b00000, 0x00000000a5b00000| Untracked 
|  78|0x00000000a5c00000, 0x00000000a5c00000, 0x00000000a5d00000|  0%| F|  |TAMS 0x00000000a5c00000, 0x00000000a5c00000| Untracked 
|  79|0x00000000a5d00000, 0x00000000a5d00000, 0x00000000a5e00000|  0%| F|  |TAMS 0x00000000a5d00000, 0x00000000a5d00000| Untracked 
|  80|0x00000000a5e00000, 0x00000000a5e00000, 0x00000000a5f00000|  0%| F|  |TAMS 0x00000000a5e00000, 0x00000000a5e00000| Untracked 
|  81|0x00000000a5f00000, 0x00000000a5f00000, 0x00000000a6000000|  0%| F|  |TAMS 0x00000000a5f00000, 0x00000000a5f00000| Untracked 
|  82|0x00000000a6000000, 0x00000000a6000000, 0x00000000a6100000|  0%| F|  |TAMS 0x00000000a6000000, 0x00000000a6000000| Untracked 
|  83|0x00000000a6100000, 0x00000000a6100000, 0x00000000a6200000|  0%| F|  |TAMS 0x00000000a6100000, 0x00000000a6100000| Untracked 
|  84|0x00000000a6200000, 0x00000000a6200000, 0x00000000a6300000|  0%| F|  |TAMS 0x00000000a6200000, 0x00000000a6200000| Untracked 
|  85|0x00000000a6300000, 0x00000000a63f8a28, 0x00000000a6400000| 97%| E|  |TAMS 0x00000000a6300000, 0x00000000a6300000| Complete 
|  86|0x00000000a6400000, 0x00000000a6500000, 0x00000000a6500000|100%| E|CS|TAMS 0x00000000a6400000, 0x00000000a6400000| Complete 
|  87|0x00000000a6500000, 0x00000000a6600000, 0x00000000a6600000|100%| E|CS|TAMS 0x00000000a6500000, 0x00000000a6500000| Complete 
|  88|0x00000000a6600000, 0x00000000a6700000, 0x00000000a6700000|100%| E|CS|TAMS 0x00000000a6600000, 0x00000000a6600000| Complete 
|  89|0x00000000a6700000, 0x00000000a6800000, 0x00000000a6800000|100%| E|CS|TAMS 0x00000000a6700000, 0x00000000a6700000| Complete 
|  90|0x00000000a6800000, 0x00000000a6900000, 0x00000000a6900000|100%| E|CS|TAMS 0x00000000a6800000, 0x00000000a6800000| Complete 
|  91|0x00000000a6900000, 0x00000000a6a00000, 0x00000000a6a00000|100%| E|CS|TAMS 0x00000000a6900000, 0x00000000a6900000| Complete 
|  92|0x00000000a6a00000, 0x00000000a6b00000, 0x00000000a6b00000|100%| E|CS|TAMS 0x00000000a6a00000, 0x00000000a6a00000| Complete 
|  93|0x00000000a6b00000, 0x00000000a6c00000, 0x00000000a6c00000|100%| E|CS|TAMS 0x00000000a6b00000, 0x00000000a6b00000| Complete 
|  94|0x00000000a6c00000, 0x00000000a6d00000, 0x00000000a6d00000|100%| E|CS|TAMS 0x00000000a6c00000, 0x00000000a6c00000| Complete 
|  95|0x00000000a6d00000, 0x00000000a6e00000, 0x00000000a6e00000|100%| E|CS|TAMS 0x00000000a6d00000, 0x00000000a6d00000| Complete 

Card table byte_map: [0x0000024df43c0000,0x0000024df46c0000] _byte_map_base: 0x0000024df3eb9000

Marking Bits (Prev, Next): (CMBitMap*) 0x0000024ddcb7b3b0, (CMBitMap*) 0x0000024ddcb7b3f0
 Prev Bits: [0x0000024df49c0000, 0x0000024df6188000)
 Next Bits: [0x0000024df6190000, 0x0000024df7958000)

Polling page: 0x0000024ddc320000

Metaspace:

Usage:
  Non-class:     16.97 MB capacity,    16.83 MB (>99%) used,   122.64 KB ( <1%) free+waste,    24.19 KB ( <1%) overhead. 
      Class:      2.19 MB capacity,     2.10 MB ( 96%) used,    81.69 KB (  4%) free+waste,     8.94 KB ( <1%) overhead. 
       Both:     19.16 MB capacity,    18.93 MB ( 99%) used,   204.33 KB (  1%) free+waste,    33.12 KB ( <1%) overhead. 

Virtual space:
  Non-class space:       18.00 MB reserved,      17.00 MB ( 94%) committed 
      Class space:        1.00 GB reserved,       2.25 MB ( <1%) committed 
             Both:        1.02 GB reserved,      19.25 MB (  2%) committed 

Chunk freelists:
   Non-Class:  29.00 KB
       Class:  0 bytes
        Both:  29.00 KB

MaxMetaspaceSize: 17179869184.00 GB
CompressedClassSpaceSize: 1.00 GB

CodeHeap 'non-profiled nmethods': size=120000Kb used=846Kb max_used=846Kb free=119153Kb
 bounds [0x0000024dec850000, 0x0000024decac0000, 0x0000024df3d80000]
CodeHeap 'profiled nmethods': size=120000Kb used=4622Kb max_used=4622Kb free=115377Kb
 bounds [0x0000024de5320000, 0x0000024de57b0000, 0x0000024dec850000]
CodeHeap 'non-nmethods': size=5760Kb used=1381Kb max_used=1404Kb free=4378Kb
 bounds [0x0000024de4d80000, 0x0000024de4ff0000, 0x0000024de5320000]
 total_blobs=3106 nmethods=2410 adapters=608
 compilation: enabled
              stopped_count=0, restarted_count=0
 full_count=0

Compilation events (20 events):
Event: 8.231 Thread 0x0000024dfa37e0f0 2403   !   3       java.util.zip.Inflater::needsInput (55 bytes)
Event: 8.231 Thread 0x0000024dfa37e0f0 nmethod 2403 0x0000024de579ee90 code [0x0000024de579f040, 0x0000024de579f3f8]
Event: 8.232 Thread 0x0000024dfa37e0f0 2404       3       java.util.concurrent.ConcurrentHashMap$BaseIterator::<init> (21 bytes)
Event: 8.232 Thread 0x0000024dfa37e0f0 nmethod 2404 0x0000024de579f510 code [0x0000024de579f6c0, 0x0000024de579f898]
Event: 8.232 Thread 0x0000024dfa37e0f0 2405       3       java.util.concurrent.ConcurrentHashMap$Traverser::<init> (36 bytes)
Event: 8.232 Thread 0x0000024dfa37e0f0 nmethod 2405 0x0000024de579f990 code [0x0000024de579fb40, 0x0000024de579fd38]
Event: 8.233 Thread 0x0000024dfa37e0f0 2407       3       java.lang.StringUTF16::length (5 bytes)
Event: 8.233 Thread 0x0000024dfa37e0f0 nmethod 2407 0x0000024de579fe10 code [0x0000024de579ffa0, 0x0000024de57a0098]
Event: 8.233 Thread 0x0000024dfa37e0f0 2408  s    3       java.lang.StringBuffer::toString (59 bytes)
Event: 8.234 Thread 0x0000024dfa37e0f0 nmethod 2408 0x0000024de57a0190 code [0x0000024de57a0380, 0x0000024de57a0978]
Event: 8.234 Thread 0x0000024dfa37e0f0 2409 %     3       sun.awt.image.PNGImageDecoder::update_crc @ 3 (41 bytes)
Event: 8.235 Thread 0x0000024dfa37e0f0 nmethod 2409% 0x0000024de57a0b10 code [0x0000024de57a0cc0, 0x0000024de57a0f18]
Event: 8.235 Thread 0x0000024dfa37e0f0 2410       3       sun.awt.image.PNGImageDecoder::update_crc (41 bytes)
Event: 8.235 Thread 0x0000024dfa37e0f0 nmethod 2410 0x0000024de57a1090 code [0x0000024de57a1240, 0x0000024de57a1438]
Event: 8.241 Thread 0x0000024dfa37e0f0 2411       3       java.util.zip.InflaterInputStream::available (32 bytes)
Event: 8.241 Thread 0x0000024dfa37e0f0 nmethod 2411 0x0000024de57a1590 code [0x0000024de57a1760, 0x0000024de57a1bc8]
Event: 8.249 Thread 0x0000024dfa37e0f0 2412   !   3       java.util.zip.Inflater::setInput (69 bytes)
Event: 8.250 Thread 0x0000024dfa37e0f0 nmethod 2412 0x0000024de57a1d90 code [0x0000024de57a1f60, 0x0000024de57a2368]
Event: 8.310 Thread 0x0000024dfa37e0f0 2413  s    3       java.lang.StringBuffer::append (13 bytes)
Event: 8.310 Thread 0x0000024dfa37e0f0 nmethod 2413 0x0000024de57a2510 code [0x0000024de57a26c0, 0x0000024de57a28e8]

GC Heap History (4 events):
Event: 4.677 GC heap before
{Heap before GC invocations=0 (full 0):
 garbage-first heap   total 98304K, used 28672K [0x00000000a0e00000, 0x0000000100000000)
  region size 1024K, 23 young (23552K), 0 survivors (0K)
 Metaspace       used 13542K, capacity 13764K, committed 13952K, reserved 1060864K
  class space    used 1507K, capacity 1593K, committed 1664K, reserved 1048576K
}
Event: 4.683 GC heap after
{Heap after GC invocations=1 (full 0):
 garbage-first heap   total 98304K, used 11421K [0x00000000a0e00000, 0x0000000100000000)
  region size 1024K, 3 young (3072K), 3 survivors (3072K)
 Metaspace       used 13542K, capacity 13764K, committed 13952K, reserved 1060864K
  class space    used 1507K, capacity 1593K, committed 1664K, reserved 1048576K
}
Event: 6.188 GC heap before
{Heap before GC invocations=1 (full 0):
 garbage-first heap   total 98304K, used 34973K [0x00000000a0e00000, 0x0000000100000000)
  region size 1024K, 24 young (24576K), 3 survivors (3072K)
 Metaspace       used 18567K, capacity 18809K, committed 19072K, reserved 1067008K
  class space    used 2074K, capacity 2142K, committed 2176K, reserved 1048576K
}
Event: 6.193 GC heap after
{Heap after GC invocations=2 (full 0):
 garbage-first heap   total 98304K, used 16049K [0x00000000a0e00000, 0x0000000100000000)
  region size 1024K, 3 young (3072K), 3 survivors (3072K)
 Metaspace       used 18567K, capacity 18809K, committed 19072K, reserved 1067008K
  class space    used 2074K, capacity 2142K, committed 2176K, reserved 1048576K
}

Deoptimization events (20 events):
Event: 8.230 Thread 0x0000024dfbb24730 DEOPT PACKING pc=0x0000024de56e7459 sp=0x000000e3e6cfe850
Event: 8.230 Thread 0x0000024dfbb24730 DEOPT UNPACKING pc=0x0000024de4dce23f sp=0x000000e3e6cfdd88 mode 0
Event: 8.231 Thread 0x0000024dfbb24730 DEOPT PACKING pc=0x0000024de56e7459 sp=0x000000e3e6cfe850
Event: 8.231 Thread 0x0000024dfbb24730 DEOPT UNPACKING pc=0x0000024de4dce23f sp=0x000000e3e6cfdd88 mode 0
Event: 8.237 Thread 0x0000024dfbb27280 Uncommon trap: trap_request=0xffffff76 fr.pc=0x0000024dec90b19c relative=0x00000000000021fc
Event: 8.237 Thread 0x0000024dfbb27280 Uncommon trap: reason=predicate action=maybe_recompile pc=0x0000024dec90b19c method=sun.awt.image.PNGImageDecoder.produceImage()V @ 960 c2
Event: 8.237 Thread 0x0000024dfbb27280 DEOPT PACKING pc=0x0000024dec90b19c sp=0x000000e3e66ff0c0
Event: 8.237 Thread 0x0000024dfbb27280 DEOPT UNPACKING pc=0x0000024de4dce42f sp=0x000000e3e66ff050 mode 2
Event: 8.275 Thread 0x0000024dfbb27280 DEOPT PACKING pc=0x0000024de57a13c4 sp=0x000000e3e66feb00
Event: 8.275 Thread 0x0000024dfbb27280 DEOPT UNPACKING pc=0x0000024de4dce23f sp=0x000000e3e66fdfa0 mode 0
Event: 8.275 Thread 0x0000024dfbb27280 DEOPT PACKING pc=0x0000024de57a0e9f sp=0x000000e3e66fead0
Event: 8.275 Thread 0x0000024dfbb27280 DEOPT UNPACKING pc=0x0000024de4dce23f sp=0x000000e3e66fdfa0 mode 0
Event: 8.310 Thread 0x0000024dfbb24730 DEOPT PACKING pc=0x0000024de57a13c4 sp=0x000000e3e6cfe9b0
Event: 8.310 Thread 0x0000024dfbb24730 DEOPT UNPACKING pc=0x0000024de4dce23f sp=0x000000e3e6cfde50 mode 0
Event: 8.310 Thread 0x0000024dfbb24730 DEOPT PACKING pc=0x0000024de57a0e9f sp=0x000000e3e6cfe980
Event: 8.310 Thread 0x0000024dfbb24730 DEOPT UNPACKING pc=0x0000024de4dce23f sp=0x000000e3e6cfde50 mode 0
Event: 8.310 Thread 0x0000024dfbb24730 DEOPT PACKING pc=0x0000024de57a0e9f sp=0x000000e3e6cfe980
Event: 8.310 Thread 0x0000024dfbb24730 DEOPT UNPACKING pc=0x0000024de4dce23f sp=0x000000e3e6cfde50 mode 0
Event: 8.310 Thread 0x0000024dfbb24730 DEOPT PACKING pc=0x0000024de57a0e9f sp=0x000000e3e6cfe980
Event: 8.310 Thread 0x0000024dfbb24730 DEOPT UNPACKING pc=0x0000024de4dce23f sp=0x000000e3e6cfde50 mode 0

Classes unloaded (0 events):
No events

Classes redefined (0 events):
No events

Internal exceptions (20 events):
Event: 0.249 Thread 0x0000024ddcb426d0 Exception <a 'java/lang/NoSuchMethodError'{0x00000000a6a559f8}: 'java.lang.Object java.lang.invoke.DirectMethodHandle$Holder.invokeStatic(java.lang.Object, int, java.lang.Object, java.lang.Object, java.lang.Object, java.lang.Object)'> (0x00000000a6a559f8) 
thrown [./open/src/hotspot/share/interpreter/linkResolver.cpp, line 782]
Event: 0.252 Thread 0x0000024ddcb426d0 Exception <a 'java/lang/NoSuchMethodError'{0x00000000a6a7bf08}: 'java.lang.Object java.lang.invoke.DirectMethodHandle$Holder.invokeStatic(java.lang.Object, int, java.lang.Object)'> (0x00000000a6a7bf08) 
thrown [./open/src/hotspot/share/interpreter/linkResolver.cpp, line 782]
Event: 0.272 Thread 0x0000024ddcb426d0 Exception <a 'java/lang/ClassNotFoundException'{0x00000000a69348b0}: com/sun/swing/internal/plaf/metal/resources/spi/metalProvider> (0x00000000a69348b0) 
thrown [./open/src/hotspot/share/classfile/systemDictionary.cpp, line 295]
Event: 0.273 Thread 0x0000024ddcb426d0 Exception <a 'java/lang/ClassNotFoundException'{0x00000000a6938bb0}: com/sun/swing/internal/plaf/basic/resources/spi/basicProvider> (0x00000000a6938bb0) 
thrown [./open/src/hotspot/share/classfile/systemDictionary.cpp, line 295]
Event: 0.332 Thread 0x0000024dfba6fe60 Exception <a 'java/lang/NoSuchMethodError'{0x00000000a68e0830}: 'java.lang.Object java.lang.invoke.DirectMethodHandle$Holder.newInvokeSpecial(java.lang.Object, java.lang.Object, java.lang.Object, int, int, int, int, int)'> (0x00000000a68e0830) 
thrown [./open/src/hotspot/share/interpreter/linkResolver.cpp, line 782]
Event: 0.390 Thread 0x0000024ddcb426d0 Exception <a 'java/lang/NoSuchMethodError'{0x00000000a63fb448}: 'void java.lang.invoke.DirectMethodHandle$Holder.invokeStaticInit(java.lang.Object)'> (0x00000000a63fb448) 
thrown [./open/src/hotspot/share/interpreter/linkResolver.cpp, line 782]
Event: 4.439 Thread 0x0000024dfbaabad0 Exception <a 'java/lang/NoSuchMethodError'{0x00000000a5f3f870}: 'java.lang.Object java.lang.invoke.DirectMethodHandle$Holder.invokeInterface(java.lang.Object, java.lang.Object)'> (0x00000000a5f3f870) 
thrown [./open/src/hotspot/share/interpreter/linkResolver.cpp, line 782]
Event: 4.459 Thread 0x0000024dfbaabad0 Exception <a 'java/lang/NoSuchMethodError'{0x00000000a5fcc100}: 'void java.lang.invoke.DirectMethodHandle$Holder.invokeStatic(java.lang.Object, java.lang.Object, java.lang.Object)'> (0x00000000a5fcc100) 
thrown [./open/src/hotspot/share/interpreter/linkResolver.cpp, line 782]
Event: 4.460 Thread 0x0000024dfbaabad0 Exception <a 'java/lang/NoSuchMethodError'{0x00000000a5fd6ff8}: 'java.lang.Object java.lang.invoke.DirectMethodHandle$Holder.invokeVirtual(java.lang.Object, java.lang.Object, java.lang.Object)'> (0x00000000a5fd6ff8) 
thrown [./open/src/hotspot/share/interpreter/linkResolver.cpp, line 782]
Event: 4.527 Thread 0x0000024dfbaabad0 Exception <a 'java/lang/NoSuchMethodError'{0x00000000a5b01b50}: 'void java.lang.invoke.DirectMethodHandle$Holder.invokeStatic(java.lang.Object, java.lang.Object)'> (0x00000000a5b01b50) 
thrown [./open/src/hotspot/share/interpreter/linkResolver.cpp, line 782]
Event: 4.550 Thread 0x0000024dfbaabad0 Exception <a 'java/lang/NoSuchMethodError'{0x00000000a5bff038}: 'void java.lang.invoke.DirectMethodHandle$Holder.invokeStaticInit(java.lang.Object, java.lang.Object)'> (0x00000000a5bff038) 
thrown [./open/src/hotspot/share/interpreter/linkResolver.cpp, line 782]
Event: 4.618 Thread 0x0000024dfbaabad0 Exception <a 'java/lang/NoSuchMethodError'{0x00000000a5862688}: 'java.lang.Object java.lang.invoke.DirectMethodHandle$Holder.invokeStaticInit(java.lang.Object, int, int, int, int)'> (0x00000000a5862688) 
thrown [./open/src/hotspot/share/interpreter/linkResolver.cpp, line 782]
Event: 4.620 Thread 0x0000024dfbaabad0 Exception <a 'sun/nio/fs/WindowsException'{0x00000000a5869150}> (0x00000000a5869150) 
thrown [./open/src/hotspot/share/prims/jni.cpp, line 578]
Event: 4.630 Thread 0x0000024dfbaabad0 Exception <a 'java/lang/NoSuchMethodError'{0x00000000a5894530}: 'int java.lang.invoke.DirectMethodHandle$Holder.invokeStaticInit(java.lang.Object, java.lang.Object, java.lang.Object, java.lang.Object)'> (0x00000000a5894530) 
thrown [./open/src/hotspot/share/interpreter/linkResolver.cpp, line 782]
Event: 4.631 Thread 0x0000024dfbaabad0 Exception <a 'java/lang/IncompatibleClassChangeError'{0x00000000a589e430}: Found class java.lang.Object, but interface was expected> (0x00000000a589e430) 
thrown [./open/src/hotspot/share/interpreter/linkResolver.cpp, line 848]
Event: 4.633 Thread 0x0000024dfbaabad0 Exception <a 'java/lang/NoSuchMethodError'{0x00000000a58a4708}: 'int java.lang.invoke.DirectMethodHandle$Holder.invokeStaticInit(java.lang.Object, java.lang.Object)'> (0x00000000a58a4708) 
thrown [./open/src/hotspot/share/interpreter/linkResolver.cpp, line 782]
Event: 4.733 Thread 0x0000024dfbaabad0 Exception <a 'java/lang/NoSuchMethodError'{0x00000000a6b58c70}: 'java.lang.Object java.lang.invoke.DirectMethodHandle$Holder.invokeStaticInit(java.lang.Object, java.lang.Object, int, int, int, int)'> (0x00000000a6b58c70) 
thrown [./open/src/hotspot/share/interpreter/linkResolver.cpp, line 782]
Event: 6.129 Thread 0x0000024dfbb27280 Implicit null exception at 0x0000024dec8f3f8c to 0x0000024dec8f406c
Event: 6.160 Thread 0x0000024dfbb27280 Implicit null exception at 0x0000024dec87e40a to 0x0000024dec87eb4c
Event: 6.241 Thread 0x0000024dfbaabad0 Exception <a 'java/io/IOException'{0x00000000a6b81960}> (0x00000000a6b81960) 
thrown [./open/src/hotspot/share/prims/jni.cpp, line 578]

Events (20 events):
Event: 8.216 loading class javax/swing/plaf/basic/BasicPopupMenuUI$BasicPopupMenuListener
Event: 8.216 loading class javax/swing/event/PopupMenuListener
Event: 8.216 loading class javax/swing/event/PopupMenuListener done
Event: 8.216 loading class javax/swing/plaf/basic/BasicPopupMenuUI$BasicPopupMenuListener done
Event: 8.216 loading class javax/swing/plaf/basic/BasicPopupMenuUI$BasicMenuKeyListener
Event: 8.217 loading class javax/swing/plaf/basic/BasicPopupMenuUI$BasicMenuKeyListener done
Event: 8.217 loading class javax/swing/plaf/basic/BasicPopupMenuUI$MouseGrabber
Event: 8.217 loading class javax/swing/plaf/basic/BasicPopupMenuUI$MouseGrabber done
Event: 8.217 loading class javax/swing/MenuSelectionManager
Event: 8.217 loading class javax/swing/MenuSelectionManager done
Event: 8.218 loading class javax/swing/plaf/basic/BasicPopupMenuUI$MenuKeyboardHelper
Event: 8.218 loading class javax/swing/plaf/basic/BasicPopupMenuUI$MenuKeyboardHelper done
Event: 8.218 loading class javax/swing/plaf/basic/BasicPopupMenuUI$MenuKeyboardHelper$1
Event: 8.218 loading class java/awt/event/FocusAdapter
Event: 8.218 loading class java/awt/event/FocusAdapter done
Event: 8.218 loading class javax/swing/plaf/basic/BasicPopupMenuUI$MenuKeyboardHelper$1 done
Event: 8.219 loading class javax/swing/JMenu$WinListener
Event: 8.219 loading class java/awt/event/WindowAdapter
Event: 8.219 loading class java/awt/event/WindowAdapter done
Event: 8.219 loading class javax/swing/JMenu$WinListener done


Dynamic libraries:
0x00007ff6df7c0000 - 0x00007ff6df7cf000 	C:\Program Files\Java\jdk-15.0.1\bin\java.exe
0x00007ff9a8a50000 - 0x00007ff9a8c45000 	C:\WINDOWS\SYSTEM32\ntdll.dll
0x00007ff9a8870000 - 0x00007ff9a892d000 	C:\WINDOWS\System32\KERNEL32.DLL
0x00007ff9a6670000 - 0x00007ff9a6938000 	C:\WINDOWS\System32\KERNELBASE.dll
0x00007ff9a6570000 - 0x00007ff9a6670000 	C:\WINDOWS\System32\ucrtbase.dll
0x00007ff984b60000 - 0x00007ff984b79000 	C:\Program Files\Java\jdk-15.0.1\bin\VCRUNTIME140.dll
0x00007ff9a03e0000 - 0x00007ff9a03f8000 	C:\Program Files\Java\jdk-15.0.1\bin\jli.dll
0x00007ff9a8540000 - 0x00007ff9a85ec000 	C:\WINDOWS\System32\ADVAPI32.dll
0x00007ff9a7570000 - 0x00007ff9a760e000 	C:\WINDOWS\System32\msvcrt.dll
0x00007ff9a6ac0000 - 0x00007ff9a6b5b000 	C:\WINDOWS\System32\sechost.dll
0x00007ff9a76f0000 - 0x00007ff9a781b000 	C:\WINDOWS\System32\RPCRT4.dll
0x00007ff9a6ed0000 - 0x00007ff9a7070000 	C:\WINDOWS\System32\USER32.dll
0x00007ff9a6940000 - 0x00007ff9a6962000 	C:\WINDOWS\System32\win32u.dll
0x00007ff9a8840000 - 0x00007ff9a886a000 	C:\WINDOWS\System32\GDI32.dll
0x00007ff993760000 - 0x00007ff9939fa000 	C:\WINDOWS\WinSxS\amd64_microsoft.windows.common-controls_6595b64144ccf1df_6.0.19041.844_none_ca00b6081b84eb1d\COMCTL32.dll
0x00007ff9a6300000 - 0x00007ff9a640b000 	C:\WINDOWS\System32\gdi32full.dll
0x00007ff9a6260000 - 0x00007ff9a62fd000 	C:\WINDOWS\System32\msvcp_win.dll
0x00007ff99f750000 - 0x00007ff99f75a000 	C:\WINDOWS\SYSTEM32\VERSION.dll
0x00007ff9a87a0000 - 0x00007ff9a87d0000 	C:\WINDOWS\System32\IMM32.DLL
0x00007ff988e70000 - 0x00007ff988e7c000 	C:\Program Files\Java\jdk-15.0.1\bin\vcruntime140_1.dll
0x00007ff97edf0000 - 0x00007ff97ee81000 	C:\Program Files\Java\jdk-15.0.1\bin\msvcp140.dll
0x00007ff96b5c0000 - 0x00007ff96c11e000 	C:\Program Files\Java\jdk-15.0.1\bin\server\jvm.dll
0x00007ff9a6ab0000 - 0x00007ff9a6ab8000 	C:\WINDOWS\System32\PSAPI.DLL
0x00007ff98a620000 - 0x00007ff98a629000 	C:\WINDOWS\SYSTEM32\WSOCK32.dll
0x00007ff99cd70000 - 0x00007ff99cd97000 	C:\WINDOWS\SYSTEM32\WINMM.dll
0x00007ff9a7820000 - 0x00007ff9a788b000 	C:\WINDOWS\System32\WS2_32.dll
0x00007ff9a4a60000 - 0x00007ff9a4a72000 	C:\WINDOWS\SYSTEM32\kernel.appcore.dll
0x00007ff9881b0000 - 0x00007ff9881ba000 	C:\Program Files\Java\jdk-15.0.1\bin\jimage.dll
0x00007ff9a40b0000 - 0x00007ff9a4294000 	C:\WINDOWS\SYSTEM32\DBGHELP.DLL
0x00007ff996500000 - 0x00007ff99652c000 	C:\WINDOWS\SYSTEM32\dbgcore.DLL
0x00007ff9a61e0000 - 0x00007ff9a6260000 	C:\WINDOWS\System32\bcryptPrimitives.dll
0x00007ff97ee90000 - 0x00007ff97eeb5000 	C:\Program Files\Java\jdk-15.0.1\bin\java.dll
0x00007ff9a7df0000 - 0x00007ff9a8532000 	C:\WINDOWS\System32\SHELL32.dll
0x00007ff9a42b0000 - 0x00007ff9a4a41000 	C:\WINDOWS\SYSTEM32\windows.storage.dll
0x00007ff9a7070000 - 0x00007ff9a73c5000 	C:\WINDOWS\System32\combase.dll
0x00007ff9a5c00000 - 0x00007ff9a5c2c000 	C:\WINDOWS\SYSTEM32\Wldp.dll
0x00007ff9a6d50000 - 0x00007ff9a6dfe000 	C:\WINDOWS\System32\SHCORE.dll
0x00007ff9a7690000 - 0x00007ff9a76e5000 	C:\WINDOWS\System32\shlwapi.dll
0x00007ff9a60d0000 - 0x00007ff9a60ef000 	C:\WINDOWS\SYSTEM32\profapi.dll
0x00007ff981ee0000 - 0x00007ff981ef9000 	C:\Program Files\Java\jdk-15.0.1\bin\net.dll
0x00007ff999ad0000 - 0x00007ff999bdb000 	C:\WINDOWS\SYSTEM32\WINHTTP.dll
0x00007ff9a5970000 - 0x00007ff9a59da000 	C:\WINDOWS\system32\mswsock.dll
0x00007ff980720000 - 0x00007ff980732000 	C:\Program Files\Java\jdk-15.0.1\bin\nio.dll
0x00007ff980280000 - 0x00007ff980298000 	C:\Program Files\Java\jdk-15.0.1\bin\zip.dll
0x00007ff96b440000 - 0x00007ff96b5c0000 	C:\Program Files\Java\jdk-15.0.1\bin\awt.dll
0x00007ff9a6c80000 - 0x00007ff9a6d4d000 	C:\WINDOWS\System32\OLEAUT32.dll
0x00007ff9a37c0000 - 0x00007ff9a3850000 	C:\WINDOWS\SYSTEM32\apphelp.dll
0x00007ff9a3c30000 - 0x00007ff9a3c5f000 	C:\WINDOWS\system32\DWMAPI.DLL
0x00007ff9a3950000 - 0x00007ff9a39ee000 	C:\WINDOWS\system32\uxtheme.dll
0x00007ff96caf0000 - 0x00007ff96cc16000 	C:\WINDOWS\system32\opengl32.dll
0x00007ff97edc0000 - 0x00007ff97edec000 	C:\WINDOWS\SYSTEM32\GLU32.dll
0x00007ff9a6b60000 - 0x00007ff9a6c75000 	C:\WINDOWS\System32\MSCTF.dll
0x00007ff9a73d0000 - 0x00007ff9a74fa000 	C:\WINDOWS\System32\ole32.dll
0x00007ff99fd30000 - 0x00007ff99fefe000 	C:\WINDOWS\system32\d3d9.dll
0x00007ff99c910000 - 0x00007ff99caeb000 	C:\WINDOWS\System32\DriverStore\FileRepository\u0357645.inf_amd64_3c66802dbd4d45a0\B357435\aticfx64.dll
0x00007ff99a800000 - 0x00007ff99a833000 	C:\WINDOWS\System32\DriverStore\FileRepository\u0357645.inf_amd64_3c66802dbd4d45a0\B357435\atiu9p64.dll
0x00007ff95efb0000 - 0x00007ff95fc46000 	C:\WINDOWS\System32\DriverStore\FileRepository\u0357645.inf_amd64_3c66802dbd4d45a0\B357435\atiumd64.dll
0x000000006a080000 - 0x000000006aefd000 	C:\WINDOWS\System32\DriverStore\FileRepository\u0357645.inf_amd64_3c66802dbd4d45a0\B357435\atiumd6a.dll
0x00007ff9a5790000 - 0x00007ff9a57db000 	C:\WINDOWS\SYSTEM32\POWRPROF.dll
0x00007ff9a55f0000 - 0x00007ff9a5602000 	C:\WINDOWS\SYSTEM32\UMPDC.dll
0x00007ff99ccc0000 - 0x00007ff99ccef000 	C:\WINDOWS\SYSTEM32\amdihk64.dll
0x00007ff99cf90000 - 0x00007ff99cfcb000 	C:\WINDOWS\SYSTEM32\dxcore.dll
0x00007ff9a6190000 - 0x00007ff9a61de000 	C:\WINDOWS\System32\cfgmgr32.dll
0x00007ff99a7d0000 - 0x00007ff99a7fd000 	C:\Program Files\Java\jdk-15.0.1\bin\javajpeg.dll
0x00007ff970f10000 - 0x00007ff970f95000 	C:\Program Files\Java\jdk-15.0.1\bin\freetype.dll
0x00007ff96fb80000 - 0x00007ff96fc29000 	C:\Program Files\Java\jdk-15.0.1\bin\fontmanager.dll
0x00007ff996840000 - 0x00007ff996939000 	C:\WINDOWS\SYSTEM32\textinputframework.dll
0x00007ff9a3470000 - 0x00007ff9a3562000 	C:\WINDOWS\System32\CoreMessaging.dll
0x00007ff9a3110000 - 0x00007ff9a346e000 	C:\WINDOWS\System32\CoreUIComponents.dll
0x00007ff9a4f10000 - 0x00007ff9a4f43000 	C:\WINDOWS\SYSTEM32\ntmarta.dll
0x00007ff9a1db0000 - 0x00007ff9a1f04000 	C:\WINDOWS\SYSTEM32\wintypes.dll
0x00007ff9a6e00000 - 0x00007ff9a6ea9000 	C:\WINDOWS\System32\clbcatq.dll
0x00007ff9a0020000 - 0x00007ff9a01d4000 	C:\WINDOWS\SYSTEM32\WindowsCodecs.dll
0x00007ff9a69d0000 - 0x00007ff9a69f7000 	C:\WINDOWS\System32\bcrypt.dll
0x00007ff99a300000 - 0x00007ff99a33e000 	C:\WINDOWS\system32\dataexchange.dll
0x00007ff9a2ba0000 - 0x00007ff9a2d85000 	C:\WINDOWS\system32\dcomp.dll
0x00007ff9a2370000 - 0x00007ff9a25d4000 	C:\WINDOWS\system32\d3d11.dll
0x00007ff9a4ad0000 - 0x00007ff9a4bc3000 	C:\WINDOWS\system32\dxgi.dll
0x00007ff9a0a60000 - 0x00007ff9a0c61000 	C:\WINDOWS\system32\twinapi.appcore.dll
0x00007ff9a5650000 - 0x00007ff9a571c000 	C:\WINDOWS\SYSTEM32\DNSAPI.dll
0x00007ff9a5610000 - 0x00007ff9a564b000 	C:\WINDOWS\SYSTEM32\IPHLPAPI.DLL
0x00007ff9a8830000 - 0x00007ff9a8838000 	C:\WINDOWS\System32\NSI.dll
0x00007ff997f70000 - 0x00007ff997f7a000 	C:\Windows\System32\rasadhlp.dll
0x00007ff998a70000 - 0x00007ff998aef000 	C:\WINDOWS\System32\fwpuclnt.dll
0x00007ff9843d0000 - 0x00007ff9843dd000 	C:\Program Files\Java\jdk-15.0.1\bin\sunmscapi.dll
0x00007ff9a6410000 - 0x00007ff9a656f000 	C:\WINDOWS\System32\CRYPT32.dll
0x00007ff9a5c70000 - 0x00007ff9a5c97000 	C:\WINDOWS\SYSTEM32\ncrypt.dll
0x00007ff9a5c30000 - 0x00007ff9a5c6b000 	C:\WINDOWS\SYSTEM32\NTASN1.dll
0x00007ff9a5b40000 - 0x00007ff9a5b58000 	C:\WINDOWS\SYSTEM32\CRYPTSP.dll
0x00007ff9a5290000 - 0x00007ff9a52c4000 	C:\WINDOWS\system32\rsaenh.dll
0x00007ff9a6050000 - 0x00007ff9a607e000 	C:\WINDOWS\SYSTEM32\USERENV.dll
0x00007ff9a5b60000 - 0x00007ff9a5b6c000 	C:\WINDOWS\SYSTEM32\CRYPTBASE.dll
0x00007ff99cff0000 - 0x00007ff99d007000 	C:\WINDOWS\SYSTEM32\dhcpcsvc6.DLL
0x00007ff99f730000 - 0x00007ff99f74d000 	C:\WINDOWS\SYSTEM32\dhcpcsvc.DLL

dbghelp: loaded successfully - version: 4.0.5 - missing functions: none
symbol engine: initialized successfully - sym options: 0x614 - pdb path: .;C:\Program Files\Java\jdk-15.0.1\bin;C:\WINDOWS\SYSTEM32;C:\WINDOWS\WinSxS\amd64_microsoft.windows.common-controls_6595b64144ccf1df_6.0.19041.844_none_ca00b6081b84eb1d;C:\Program Files\Java\jdk-15.0.1\bin\server;C:\WINDOWS\System32\DriverStore\FileRepository\u0357645.inf_amd64_3c66802dbd4d45a0\B357435

VM Arguments:
jvm_args: -Dfile.encoding=UTF-8 
java_command: library.management.system.LibraryManagementSystem
java_class_path (initial): C:\Users\Harshit\Downloads\mysql-connector-java-8.0.24\mysql-connector-java-8.0.24\mysql-connector-java-8.0.24.jar;C:\Users\Harshit\Documents\original\Library-Management-System\src\library\management\system\Jar\jcalendar-tz-1.3.3-4.jar;C:\Users\Harshit\Documents\original\Library-Management-System\src\library\management\system\Jar\rs2xml.jar;C:\Users\Harshit\Documents\NetBeansProjects\Library Management System\build\classes
Launcher Type: SUN_STANDARD

[Global flags]
     intx CICompilerCount                          = 4                                         {product} {ergonomic}
     uint ConcGCThreads                            = 2                                         {product} {ergonomic}
     uint G1ConcRefinementThreads                  = 8                                         {product} {ergonomic}
   size_t G1HeapRegionSize                         = 1048576                                   {product} {ergonomic}
    uintx GCDrainStackTargetSize                   = 64                                        {product} {ergonomic}
   size_t InitialHeapSize                          = 100663296                                 {product} {ergonomic}
   size_t MarkStackSize                            = 4194304                                   {product} {ergonomic}
   size_t MaxHeapSize                              = 1595932672                                {product} {ergonomic}
   size_t MaxNewSize                               = 957349888                                 {product} {ergonomic}
   size_t MinHeapDeltaBytes                        = 1048576                                   {product} {ergonomic}
   size_t MinHeapSize                              = 8388608                                   {product} {ergonomic}
    uintx NonNMethodCodeHeapSize                   = 5839372                                {pd product} {ergonomic}
    uintx NonProfiledCodeHeapSize                  = 122909434                              {pd product} {ergonomic}
    uintx ProfiledCodeHeapSize                     = 122909434                              {pd product} {ergonomic}
    uintx ReservedCodeCacheSize                    = 251658240                              {pd product} {ergonomic}
     bool SegmentedCodeCache                       = true                                      {product} {ergonomic}
   size_t SoftMaxHeapSize                          = 1595932672                             {manageable} {ergonomic}
     bool UseCompressedClassPointers               = true                                 {lp64_product} {ergonomic}
     bool UseCompressedOops                        = true                                 {lp64_product} {ergonomic}
     bool UseG1GC                                  = true                                      {product} {ergonomic}
     bool UseLargePagesIndividualAllocation        = false                                  {pd product} {ergonomic}

Logging:
Log output configuration:
 #0: stdout all=warning uptime,level,tags
 #1: stderr all=off uptime,level,tags

Environment Variables:
JAVA_HOME=C:\Program Files\Java\jdk-15.0.1
PATH=C:\Program Files (x86)\Common Files\Oracle\Java\javapath;C:\Program Files\Common Files\Oracle\Java\javapath;C:\Windows\system32;C:\Windows;C:\Windows\System32\Wbem;C:\Windows\System32\WindowsPowerShell\v1.0\;C:\Windows\System32\OpenSSH\;C:\Program Files (x86)\NVIDIA Corporation\PhysX\Common;C:\Program Files\NVIDIA Corporation\NVIDIA NvDLISR;C:\Program Files (x86)\Git\cmd;C:\Program Files (x86)\nodejs\;C:\Program Files\Java\jdk-15.0.1\bin;C:\Program Files\Java\jre1.8.0_271\bin;;%SystemRoot%\system32;%SystemRoot%;%SystemRoot%\System32\Wbem;%SYSTEMROOT%\System32\WindowsPowerShell\v1.0\;%SYSTEMROOT%\System32\OpenSSH\;C:\Users\Harshit\AppData\Local\Microsoft\WindowsApps;C:\Program Files (x86)\mingw-w64\i686-8.1.0-posix-dwarf-rt_v6-rev0\mingw32\bin;;C:\Users\Harshit\AppData\Local\Programs\Microsoft VS Code\bin
USERNAME=Harshit
OS=Windows_NT
PROCESSOR_IDENTIFIER=AMD64 Family 23 Model 24 Stepping 1, AuthenticAMD



---------------  S Y S T E M  ---------------

OS:
 Windows 10 , 64 bit Build 19041 (10.0.19041.928)
OS uptime: 5 days 8:58 hours

CPU: total 8 (initial active 8) (8 cores per cpu, 2 threads per core) family 23 model 24 stepping 1 microcode 0x0, cmov, cx8, fxsr, mmx, sse, sse2, sse3, ssse3, sse4.1, sse4.2, popcnt, vzeroupper, avx, avx2, aes, clmul, 3dnowpref, lzcnt, sse4a, ht, tsc, tscinvbit, tscinv, bmi1, bmi2, adx, sha, fma, clflush, clflushopt

Memory: 4k page, system-wide physical 6081M (589M free)
TotalPageFile size 24513M (AvailPageFile size 2M)
current process WorkingSet (physical memory assigned to process): 167M, peak: 167M
current process commit charge ("private bytes"): 277M, peak: 278M

vm_info: Java HotSpot(TM) 64-Bit Server VM (15.0.1+9-18) for windows-amd64 JRE (15.0.1+9-18), built on Sep 15 2020 14:43:54 by "mach5one" with unknown MS VC++:1925

END.
