#
# There is insufficient memory for the Java Runtime Environment to continue.
# Native memory allocation (mmap) failed to map 8388608 bytes for G1 virtual space
# Possible reasons:
#   The system is out of physical RAM or swap space
#   The process is running with CompressedOops enabled, and the Java Heap may be blocking the growth of the native heap
# Possible solutions:
#   Reduce memory load on the system
#   Increase physical memory or swap space
#   Check if swap backing store is full
#   Decrease Java heap size (-Xmx/-Xms)
#   Decrease number of Java threads
#   Decrease Java thread stack sizes (-Xss)
#   Set larger code cache with -XX:ReservedCodeCacheSize=
#   JVM is running with Unscaled Compressed Oops mode in which the Java heap is
#     placed in the first 4GB address space. The Java Heap base address is the
#     maximum limit for the native heap growth. Please use -XX:HeapBaseMinAddress
#     to set the Java Heap base and to place the Java Heap above 4GB virtual address.
# This output file may be truncated or incomplete.
#
#  Out of Memory Error (./open/src/hotspot/os/windows/os_windows.cpp:3472), pid=15440, tid=25564
#
# JRE version:  (15.0.1+9) (build )
# Java VM: Java HotSpot(TM) 64-Bit Server VM (15.0.1+9-18, mixed mode, sharing, tiered, compressed oops, g1 gc, windows-amd64)
# No core dump will be written. Minidumps are not enabled by default on client versions of Windows
#

---------------  S U M M A R Y ------------

Command Line: -Dapplication.home=C:\Program Files\Java\jdk-15.0.1 --add-modules=ALL-DEFAULT -Xms8m -Djdk.module.main=jdk.compiler jdk.compiler/com.sun.tools.javac.Main -d C:\Users\Harshit\Documents\NetBeansProjects\Library Management System\build\classes -classpath C:\Users\Harshit\Documents\NetBeansProjects\Library Management System\build\classes;C:\Users\Harshit\Downloads\mysql-connector-java-8.0.24\mysql-connector-java-8.0.24\mysql-connector-java-8.0.24.jar;C:\Users\Harshit\Documents\original\Library-Management-System\src\library\management\system\Jar\jcalendar-tz-1.3.3-4.jar;C:\Users\Harshit\Documents\original\Library-Management-System\src\library\management\system\Jar\rs2xml.jar -sourcepath C:\Users\Harshit\Documents\NetBeansProjects\Library Management System\src -target 15 -encoding UTF-8 -g -processorpath C:\Users\Harshit\Downloads\mysql-connector-java-8.0.24\mysql-connector-java-8.0.24\mysql-connector-java-8.0.24.jar;C:\Users\Harshit\Documents\original\Library-Management-System\src\library\management\system\Jar\jcalendar-tz-1.3.3-4.jar;C:\Users\Harshit\Documents\original\Library-Management-System\src\library\management\system\Jar\rs2xml.jar;C:\Users\Harshit\Documents\NetBeansProjects\Library Management System\build\empty -s C:\Users\Harshit\Documents\NetBeansProjects\Library Management System\build\generated-sources\ap-source-output -source 15 C:\Users\Harshit\Documents\NetBeansProjects\Library Management System\src\library\management\system\aboutUs.java

Host: AMD Ryzen 5 3550H with Radeon Vega Mobile Gfx  , 8 cores, 5G,  Windows 10 , 64 bit Build 19041 (10.0.19041.928)
Time: Sat May 15 15:34:25 2021 India Standard Time elapsed time: 0.026505 seconds (0d 0h 0m 0s)

---------------  T H R E A D  ---------------

Current thread (0x00000122657d1e50):  JavaThread "Unknown thread" [_thread_in_vm, id=25564, stack(0x0000001bdc200000,0x0000001bdc300000)]

Stack: [0x0000001bdc200000,0x0000001bdc300000]
Native frames: (J=compiled Java code, j=interpreted, Vv=VM code, C=native code)
V  [jvm.dll+0x62ae9a]
V  [jvm.dll+0x781389]
V  [jvm.dll+0x782ae3]
V  [jvm.dll+0x783143]
V  [jvm.dll+0x216265]
V  [jvm.dll+0x6281d9]
V  [jvm.dll+0x61cd15]
V  [jvm.dll+0x2d01fd]
V  [jvm.dll+0x2d0062]
V  [jvm.dll+0x2d603c]
V  [jvm.dll+0x325b2a]
V  [jvm.dll+0x3251f4]
V  [jvm.dll+0x2a717a]
V  [jvm.dll+0x2a8318]
V  [jvm.dll+0x75e101]
V  [jvm.dll+0x3343e4]
V  [jvm.dll+0x73e826]
V  [jvm.dll+0x3b7777]
V  [jvm.dll+0x3b9201]
C  [jli.dll+0x52fb]
C  [ucrtbase.dll+0x21bb2]
C  [KERNEL32.DLL+0x17034]
C  [ntdll.dll+0x52651]


---------------  P R O C E S S  ---------------

Threads class SMR info:
_java_thread_list=0x00007ffe80f34ff0, length=0, elements={
}

Java Threads: ( => current thread )

Other Threads:
  0x000001226580af20 GCTaskThread "GC Thread#0" [stack: 0x0000001bdc300000,0x0000001bdc400000] [id=17264]
  0x0000012265819e60 ConcurrentGCThread "G1 Main Marker" [stack: 0x0000001bdc400000,0x0000001bdc500000] [id=2648]
  0x000001226581b100 ConcurrentGCThread "G1 Conc#0" [stack: 0x0000001bdc500000,0x0000001bdc600000] [id=9348]

[error occurred during error reporting (printing all threads), id 0xc0000005, EXCEPTION_ACCESS_VIOLATION (0xc0000005) at pc=0x00007ffe80728047]

VM state: not at safepoint (not fully initialized)

VM Mutex/Monitor currently owned by a thread:  ([mutex/lock_event])
[0x00000122657ce7a0] Heap_lock - owner thread: 0x00000122657d1e50

Heap address: 0x00000000a0e00000, size: 1522 MB, Compressed Oops mode: 32-bit
CDS archive(s) mapped at: [0x0000000000000000-0x0000000000000000-0x0000000000000000), size 0, SharedBaseAddress: 0x0000000800000000, ArchiveRelocationMode: 0.
Narrow klass base: 0x0000000000000000, Narrow klass shift: 0, Narrow klass range: 0x0

Heap:
 garbage-first heap   total 8192K, used 0K [0x00000000a0e00000, 0x0000000100000000)
  region size 1024K, 0 young (0K), 0 survivors (0K)
 Metaspace       used 0K, capacity 0K, committed 0K, reserved 0K
  class space    used 0K, capacity 0K, committed 0K, reserved 0K

Heap Regions: E=young(eden), S=young(survivor), O=old, HS=humongous(starts), HC=humongous(continues), CS=collection set, F=free, OA=open archive, CA=closed archive, TAMS=top-at-mark-start (previous, next)

Card table byte_map: [0x000001227d040000,0x000001227d340000] _byte_map_base: 0x000001227cb39000

Marking Bits (Prev, Next): (CMBitMap*) 0x000001226580c6b0, (CMBitMap*) 0x000001226580c6f0
 Prev Bits: [0x000001227d640000, 0x000001227ee08000)
 Next Bits: [0x0000012200000000, 0x00000122017c8000)

GC Heap History (0 events):
No events

Deoptimization events (0 events):
No events

Classes unloaded (0 events):
No events

Classes redefined (0 events):
No events

Internal exceptions (0 events):
No events

Events (1 events):
Event: 0.016 Loaded shared library C:\Program Files\Java\jdk-15.0.1\bin\java.dll


Dynamic libraries:
0x00007ff7dcac0000 - 0x00007ff7dcac8000 	C:\Program Files\Java\jdk-15.0.1\bin\javac.exe
0x00007ffed0950000 - 0x00007ffed0b45000 	C:\WINDOWS\SYSTEM32\ntdll.dll
0x00007ffecfa10000 - 0x00007ffecfacd000 	C:\WINDOWS\System32\KERNEL32.DLL
0x00007ffece6e0000 - 0x00007ffece9a8000 	C:\WINDOWS\System32\KERNELBASE.dll
0x00007ffece560000 - 0x00007ffece660000 	C:\WINDOWS\System32\ucrtbase.dll
0x00007ffec0430000 - 0x00007ffec0448000 	C:\Program Files\Java\jdk-15.0.1\bin\jli.dll
0x00007ffec7cb0000 - 0x00007ffec7cc9000 	C:\Program Files\Java\jdk-15.0.1\bin\VCRUNTIME140.dll
0x00007ffecebb0000 - 0x00007ffecec5c000 	C:\WINDOWS\System32\ADVAPI32.dll
0x00007ffeceee0000 - 0x00007ffecef7e000 	C:\WINDOWS\System32\msvcrt.dll
0x00007ffecfcd0000 - 0x00007ffecfd6b000 	C:\WINDOWS\System32\sechost.dll
0x00007ffece9b0000 - 0x00007ffeceadb000 	C:\WINDOWS\System32\RPCRT4.dll
0x00007ffed0770000 - 0x00007ffed0910000 	C:\WINDOWS\System32\USER32.dll
0x00007ffece330000 - 0x00007ffece352000 	C:\WINDOWS\System32\win32u.dll
0x00007ffeb6e30000 - 0x00007ffeb70ca000 	C:\WINDOWS\WinSxS\amd64_microsoft.windows.common-controls_6595b64144ccf1df_6.0.19041.844_none_ca00b6081b84eb1d\COMCTL32.dll
0x00007ffeceeb0000 - 0x00007ffeceeda000 	C:\WINDOWS\System32\GDI32.dll
0x00007ffece220000 - 0x00007ffece32b000 	C:\WINDOWS\System32\gdi32full.dll
0x00007ffece4c0000 - 0x00007ffece55d000 	C:\WINDOWS\System32\msvcp_win.dll
0x00007ffec73d0000 - 0x00007ffec73da000 	C:\WINDOWS\SYSTEM32\VERSION.dll
0x00007ffed0740000 - 0x00007ffed0770000 	C:\WINDOWS\System32\IMM32.DLL
0x00007ffec7cf0000 - 0x00007ffec7cfc000 	C:\Program Files\Java\jdk-15.0.1\bin\vcruntime140_1.dll
0x00007ffea4a40000 - 0x00007ffea4ad1000 	C:\Program Files\Java\jdk-15.0.1\bin\msvcp140.dll
0x00007ffe80470000 - 0x00007ffe80fce000 	C:\Program Files\Java\jdk-15.0.1\bin\server\jvm.dll
0x00007ffecef80000 - 0x00007ffecef88000 	C:\WINDOWS\System32\PSAPI.DLL
0x00007ffec9170000 - 0x00007ffec9179000 	C:\WINDOWS\SYSTEM32\WSOCK32.dll
0x00007ffec57c0000 - 0x00007ffec57e7000 	C:\WINDOWS\SYSTEM32\WINMM.dll
0x00007ffed06d0000 - 0x00007ffed073b000 	C:\WINDOWS\System32\WS2_32.dll
0x00007ffecc960000 - 0x00007ffecc972000 	C:\WINDOWS\SYSTEM32\kernel.appcore.dll
0x00007ffec67b0000 - 0x00007ffec67ba000 	C:\Program Files\Java\jdk-15.0.1\bin\jimage.dll
0x00007ffecc760000 - 0x00007ffecc944000 	C:\WINDOWS\SYSTEM32\DBGHELP.DLL
0x00007ffec2930000 - 0x00007ffec295c000 	C:\WINDOWS\SYSTEM32\dbgcore.DLL
0x00007ffece660000 - 0x00007ffece6e0000 	C:\WINDOWS\System32\bcryptPrimitives.dll
0x00007ffec30a0000 - 0x00007ffec30c5000 	C:\Program Files\Java\jdk-15.0.1\bin\java.dll

dbghelp: loaded successfully - version: 4.0.5 - missing functions: none
symbol engine: initialized successfully - sym options: 0x614 - pdb path: .;C:\Program Files\Java\jdk-15.0.1\bin;C:\WINDOWS\SYSTEM32;C:\WINDOWS\WinSxS\amd64_microsoft.windows.common-controls_6595b64144ccf1df_6.0.19041.844_none_ca00b6081b84eb1d;C:\Program Files\Java\jdk-15.0.1\bin\server

VM Arguments:
jvm_args: -Dapplication.home=C:\Program Files\Java\jdk-15.0.1 --add-modules=ALL-DEFAULT -Xms8m -Djdk.module.main=jdk.compiler 
java_command: jdk.compiler/com.sun.tools.javac.Main -d C:\Users\Harshit\Documents\NetBeansProjects\Library Management System\build\classes -classpath C:\Users\Harshit\Documents\NetBeansProjects\Library Management System\build\classes;C:\Users\Harshit\Downloads\mysql-connector-java-8.0.24\mysql-connector-java-8.0.24\mysql-connector-java-8.0.24.jar;C:\Users\Harshit\Documents\original\Library-Management-System\src\library\management\system\Jar\jcalendar-tz-1.3.3-4.jar;C:\Users\Harshit\Documents\original\Library-Management-System\src\library\management\system\Jar\rs2xml.jar -sourcepath C:\Users\Harshit\Documents\NetBeansProjects\Library Management System\src -target 15 -encoding UTF-8 -g -processorpath C:\Users\Harshit\Downloads\mysql-connector-java-8.0.24\mysql-connector-java-8.0.24\mysql-connector-java-8.0.24.jar;C:\Users\Harshit\Documents\original\Library-Management-System\src\library\management\system\Jar\jcalendar-tz-1.3.3-4.jar;C:\Users\Harshit\Documents\original\Library-Management-System\src\library\management\system\Jar\rs2xml.jar;C:\Users\Harshit\Documents\NetBeansProjects\Library Management System\build\empty -s C:\Users\Harshit\Documents\NetBeansProjects\Library Management System\build\generated-sources\ap-source-output -source 15 C:\Users\Harshit\Documents\NetBeansProjects\Library Management System\src\library\management\system\aboutUs.java
java_class_path (initial): <not set>
Launcher Type: SUN_STANDARD

[Global flags]
     intx CICompilerCount                          = 4                                         {product} {ergonomic}
     uint ConcGCThreads                            = 2                                         {product} {ergonomic}
     uint G1ConcRefinementThreads                  = 8                                         {product} {ergonomic}
   size_t G1HeapRegionSize                         = 1048576                                   {product} {ergonomic}
    uintx GCDrainStackTargetSize                   = 64                                        {product} {ergonomic}
   size_t InitialHeapSize                          = 8388608                                   {product} {command line}
   size_t MarkStackSize                            = 4194304                                   {product} {ergonomic}
   size_t MaxHeapSize                              = 1595932672                                {product} {ergonomic}
   size_t MinHeapDeltaBytes                        = 1048576                                   {product} {ergonomic}
   size_t MinHeapSize                              = 8388608                                   {product} {command line}
    uintx NonNMethodCodeHeapSize                   = 5839372                                {pd product} {ergonomic}
    uintx NonProfiledCodeHeapSize                  = 122909434                              {pd product} {ergonomic}
    uintx ProfiledCodeHeapSize                     = 122909434                              {pd product} {ergonomic}
    uintx ReservedCodeCacheSize                    = 251658240                              {pd product} {ergonomic}
     bool SegmentedCodeCache                       = true                                      {product} {ergonomic}
   size_t SoftMaxHeapSize                          = 1595932672                             {manageable} {ergonomic}
     bool UseCompressedClassPointers               = true                                 {lp64_product} {ergonomic}
     bool UseCompressedOops                        = true                                 {lp64_product} {ergonomic}
     bool UseG1GC                                  = true                                      {product} {ergonomic}
     bool UseLargePagesIndividualAllocation        = false                                  {pd product} {ergonomic}

Logging:
Log output configuration:
 #0: stdout all=warning uptime,level,tags
 #1: stderr all=off uptime,level,tags

Environment Variables:
JAVA_HOME=C:\Program Files\Java\jdk-15.0.1
PATH=C:\Program Files (x86)\Common Files\Oracle\Java\javapath;C:\Program Files\Common Files\Oracle\Java\javapath;C:\Windows\system32;C:\Windows;C:\Windows\System32\Wbem;C:\Windows\System32\WindowsPowerShell\v1.0\;C:\Windows\System32\OpenSSH\;C:\Program Files (x86)\NVIDIA Corporation\PhysX\Common;C:\Program Files\NVIDIA Corporation\NVIDIA NvDLISR;C:\Program Files (x86)\Git\cmd;C:\Program Files (x86)\nodejs\;C:\Program Files\Java\jdk-15.0.1\bin;C:\Program Files\Java\jre1.8.0_271\bin;;%SystemRoot%\system32;%SystemRoot%;%SystemRoot%\System32\Wbem;%SYSTEMROOT%\System32\WindowsPowerShell\v1.0\;%SYSTEMROOT%\System32\OpenSSH\;C:\Users\Harshit\AppData\Local\Microsoft\WindowsApps;C:\Program Files (x86)\mingw-w64\i686-8.1.0-posix-dwarf-rt_v6-rev0\mingw32\bin;;C:\Users\Harshit\AppData\Local\Programs\Microsoft VS Code\bin
USERNAME=Harshit
OS=Windows_NT
PROCESSOR_IDENTIFIER=AMD64 Family 23 Model 24 Stepping 1, AuthenticAMD



---------------  S Y S T E M  ---------------

OS:
 Windows 10 , 64 bit Build 19041 (10.0.19041.928)
OS uptime: 0 days 3:45 hours

CPU: total 8 (initial active 8) (8 cores per cpu, 2 threads per core) family 23 model 24 stepping 1 microcode 0x0, cmov, cx8, fxsr, mmx, sse, sse2, sse3, ssse3, sse4.1, sse4.2, popcnt, vzeroupper, avx, avx2, aes, clmul, 3dnowpref, lzcnt, sse4a, ht, tsc, tscinvbit, tscinv, bmi1, bmi2, adx, sha, fma, clflush, clflushopt

Memory: 4k page, system-wide physical 6081M (385M free)
TotalPageFile size 24513M (AvailPageFile size 6M)
current process WorkingSet (physical memory assigned to process): 10M, peak: 10M
current process commit charge ("private bytes"): 60M, peak: 68M

vm_info: Java HotSpot(TM) 64-Bit Server VM (15.0.1+9-18) for windows-amd64 JRE (15.0.1+9-18), built on Sep 15 2020 14:43:54 by "mach5one" with unknown MS VC++:1925

END.
