#
# There is insufficient memory for the Java Runtime Environment to continue.
# Native memory allocation (malloc) failed to allocate 1048576 bytes for AllocateHeap
# Possible reasons:
#   The system is out of physical RAM or swap space
#   The process is running with CompressedOops enabled, and the Java Heap may be blocking the growth of the native heap
# Possible solutions:
#   Reduce memory load on the system
#   Increase physical memory or swap space
#   Check if swap backing store is full
#   Decrease Java heap size (-Xmx/-Xms)
#   Decrease number of Java threads
#   Decrease Java thread stack sizes (-Xss)
#   Set larger code cache with -XX:ReservedCodeCacheSize=
#   JVM is running with Unscaled Compressed Oops mode in which the Java heap is
#     placed in the first 4GB address space. The Java Heap base address is the
#     maximum limit for the native heap growth. Please use -XX:HeapBaseMinAddress
#     to set the Java Heap base and to place the Java Heap above 4GB virtual address.
# This output file may be truncated or incomplete.
#
#  Out of Memory Error (./open/src/hotspot/share/memory/allocation.cpp:44), pid=27248, tid=8632
#
# JRE version: Java(TM) SE Runtime Environment (15.0.1+9) (build 15.0.1+9-18)
# Java VM: Java HotSpot(TM) 64-Bit Server VM (15.0.1+9-18, mixed mode, sharing, tiered, compressed oops, g1 gc, windows-amd64)
# No core dump will be written. Minidumps are not enabled by default on client versions of Windows
#

---------------  S U M M A R Y ------------

Command Line: -Dfile.encoding=UTF-8 library.management.system.LibraryManagementSystem

Host: AMD Ryzen 5 3550H with Radeon Vega Mobile Gfx  , 8 cores, 5G,  Windows 10 , 64 bit Build 19041 (10.0.19041.928)
Time: Wed May 12 22:41:15 2021 India Standard Time elapsed time: 0.588689 seconds (0d 0h 0m 0s)

---------------  T H R E A D  ---------------

Current thread (0x000001f62f6b8ba0):  VMThread "VM Thread" [stack: 0x0000001c3a500000,0x0000001c3a600000] [id=8632]

Stack: [0x0000001c3a500000,0x0000001c3a600000]
[error occurred during error reporting (printing stack bounds), id 0xc0000005, EXCEPTION_ACCESS_VIOLATION (0xc0000005) at pc=0x000001f61a0e10ad]

Native frames: (J=compiled Java code, j=interpreted, Vv=VM code, C=native code)
V  [jvm.dll+0x62ae9a]
V  [jvm.dll+0x781389]
V  [jvm.dll+0x782ae3]
V  [jvm.dll+0x7830a5]
V  [jvm.dll+0x78305b]
V  [jvm.dll+0x62a2b9]
V  [jvm.dll+0x62aa88]
C  [ntdll.dll+0xa207f]
C  [ntdll.dll+0x51454]
C  [ntdll.dll+0xa0bae]
C  0x000001f61a0e10ad

VM_Operation (0x0000001c3bdfec40): CollectForMetadataAllocation, mode: safepoint, requested by thread 0x000001f630137f70


---------------  P R O C E S S  ---------------

Threads class SMR info:
_java_thread_list=0x000001f630e6d480, length=17, elements={
0x000001f611f7ea20, 0x000001f62f6bb830, 0x000001f62f6d39d0, 0x000001f62f6d63a0,
0x000001f62f6d7d70, 0x000001f62f6ed200, 0x000001f62f6edbb0, 0x000001f62f6ffc80,
0x000001f630118380, 0x000001f630139c50, 0x000001f630136290, 0x000001f630136c30,
0x000001f630137100, 0x000001f630138910, 0x000001f630137f70, 0x000001f630138de0,
0x000001f630137aa0
}

Java Threads: ( => current thread )
  0x000001f611f7ea20 JavaThread "Reference Handler" daemon [_thread_blocked, id=27304, stack(0x0000001c3a600000,0x0000001c3a700000)]
  0x000001f62f6bb830 JavaThread "Finalizer" daemon [_thread_blocked, id=5960, stack(0x0000001c3a700000,0x0000001c3a800000)]
  0x000001f62f6d39d0 JavaThread "Signal Dispatcher" daemon [_thread_blocked, id=15608, stack(0x0000001c3a800000,0x0000001c3a900000)]
  0x000001f62f6d63a0 JavaThread "Attach Listener" daemon [_thread_blocked, id=18388, stack(0x0000001c3a900000,0x0000001c3aa00000)]
  0x000001f62f6d7d70 JavaThread "Service Thread" daemon [_thread_blocked, id=25704, stack(0x0000001c3aa00000,0x0000001c3ab00000)]
  0x000001f62f6ed200 JavaThread "C2 CompilerThread0" daemon [_thread_blocked, id=12880, stack(0x0000001c3ab00000,0x0000001c3ac00000)]
  0x000001f62f6edbb0 JavaThread "C1 CompilerThread0" daemon [_thread_blocked, id=26868, stack(0x0000001c3ac00000,0x0000001c3ad00000)]
  0x000001f62f6ffc80 JavaThread "Sweeper thread" daemon [_thread_blocked, id=15256, stack(0x0000001c3ad00000,0x0000001c3ae00000)]
  0x000001f630118380 JavaThread "Notification Thread" daemon [_thread_blocked, id=17448, stack(0x0000001c3ae00000,0x0000001c3af00000)]
  0x000001f630139c50 JavaThread "Common-Cleaner" daemon [_thread_blocked, id=26644, stack(0x0000001c3b000000,0x0000001c3b100000)]
  0x000001f630136290 JavaThread "Java2D Disposer" daemon [_thread_blocked, id=26132, stack(0x0000001c3b100000,0x0000001c3b200000)]
  0x000001f630136c30 JavaThread "AWT-Shutdown" [_thread_blocked, id=21128, stack(0x0000001c3b200000,0x0000001c3b300000)]
  0x000001f630137100 JavaThread "AWT-Windows" daemon [_thread_in_native, id=26760, stack(0x0000001c3b300000,0x0000001c3b400000)]
  0x000001f630138910 JavaThread "Image Fetcher 0" daemon [_thread_blocked, id=27008, stack(0x0000001c3bc00000,0x0000001c3bd00000)]
  0x000001f630137f70 JavaThread "AWT-EventQueue-0" [_thread_blocked, id=9840, stack(0x0000001c3bd00000,0x0000001c3be00000)]
  0x000001f630138de0 JavaThread "DestroyJavaVM" [_thread_blocked, id=25204, stack(0x0000001c39f00000,0x0000001c3a000000)]
  0x000001f630137aa0 JavaThread "D3D Screen Updater" daemon [_thread_blocked, id=7280, stack(0x0000001c3be00000,0x0000001c3bf00000)]

Other Threads:
=>0x000001f62f6b8ba0 VMThread "VM Thread" [stack: 0x0000001c3a500000,0x0000001c3a600000] [id=8632]
  0x000001f63011cc60 WatcherThread [stack: 0x0000001c3af00000,0x0000001c3b000000] [id=2920]
  0x000001f611ed9060 GCTaskThread "GC Thread#0" [stack: 0x0000001c3a000000,0x0000001c3a100000] [id=24644]
  0x000001f630d23670 GCTaskThread "GC Thread#1" [stack: 0x0000001c3bf00000,0x0000001c3c000000] [id=25248]
  0x000001f630d22350 GCTaskThread "GC Thread#2" [stack: 0x0000001c3c000000,0x0000001c3c100000] [id=20376]
  0x000001f630d21690 GCTaskThread "GC Thread#3" [stack: 0x0000001c3c100000,0x0000001c3c200000] [id=24252]
  0x000001f630d22ce0 GCTaskThread "GC Thread#4" [stack: 0x0000001c3c200000,0x0000001c3c300000] [id=25744]
  0x000001f630d23010 GCTaskThread "GC Thread#5" [stack: 0x0000001c3c300000,0x0000001c3c400000] [id=27220]
  0x000001f611ee76b0 ConcurrentGCThread "G1 Main Marker" [stack: 0x0000001c3a100000,0x0000001c3a200000] [id=27024]
  0x000001f611ee81b0 ConcurrentGCThread "G1 Conc#0" [stack: 0x0000001c3a200000,0x0000001c3a300000] [id=16480]
  0x000001f630d219c0 ConcurrentGCThread "G1 Conc#1" [stack: 0x0000001c3c400000,0x0000001c3c500000] [id=27060]
  0x000001f611f5e6a0 ConcurrentGCThread "G1 Refine#0" [stack: 0x0000001c3a300000,0x0000001c3a400000] [id=18472]
  0x000001f611f60060 ConcurrentGCThread "G1 Young RemSet Sampling" [stack: 0x0000001c3a400000,0x0000001c3a500000] [id=27308]

Threads with active compile tasks:

VM state: at safepoint (normal execution)

VM Mutex/Monitor currently owned by a thread:  ([mutex/lock_event])
[0x000001f611e9c520] Threads_lock - owner thread: 0x000001f62f6b8ba0
[0x000001f611e9ac60] Heap_lock - owner thread: 0x000001f630137f70

Heap address: 0x00000000a0e00000, size: 1522 MB, Compressed Oops mode: 32-bit
CDS archive(s) mapped at: [0x0000000800000000-0x0000000800b50000-0x0000000800b50000), size 11862016, SharedBaseAddress: 0x0000000800000000, ArchiveRelocationMode: 0.
Compressed class space mapped at: 0x0000000800b50000-0x0000000840b50000, size: 1073741824
Narrow klass base: 0x0000000800000000, Narrow klass shift: 3, Narrow klass range: 0x100000000

GC Precious Log:
 CPUs: 8 total, 8 available
 Memory: 6081M
 Large Page Support: Disabled
 NUMA Support: Disabled
 Compressed Oops: Enabled (32-bit)
 Heap Region Size: 1M
 Heap Min Capacity: 8M
 Heap Initial Capacity: 96M
 Heap Max Capacity: 1522M
 Pre-touch: Disabled
 Parallel Workers: 8
 Concurrent Workers: 2
 Concurrent Refinement Workers: 8
 Periodic GC: Disabled

Heap:
 garbage-first heap   total 98304K, used 8754K [0x00000000a0e00000, 0x0000000100000000)
  region size 1024K, 3 young (3072K), 3 survivors (3072K)
 Metaspace       used 7389K, capacity 7516K, committed 7680K, reserved 1064960K
  class space    used 814K, capacity 900K, committed 1024K, reserved 1048576K

Heap Regions: E=young(eden), S=young(survivor), O=old, HS=humongous(starts), HC=humongous(continues), CS=collection set, F=free, OA=open archive, CA=closed archive, TAMS=top-at-mark-start (previous, next)
|   0|0x00000000a0e00000, 0x00000000a0f00000, 0x00000000a0f00000|100%|HS|  |TAMS 0x00000000a0e00000, 0x00000000a0f00000| Complete 
|   1|0x00000000a0f00000, 0x00000000a1000000, 0x00000000a1000000|100%|HC|  |TAMS 0x00000000a0f00000, 0x00000000a1000000| Complete 
|   2|0x00000000a1000000, 0x00000000a1100000, 0x00000000a1100000|100%|HC|  |TAMS 0x00000000a1000000, 0x00000000a1100000| Complete 
|   3|0x00000000a1100000, 0x00000000a1200000, 0x00000000a1200000|100%|HS|  |TAMS 0x00000000a1100000, 0x00000000a1200000| Complete 
|   4|0x00000000a1200000, 0x00000000a1300000, 0x00000000a1300000|100%|HC|  |TAMS 0x00000000a1200000, 0x00000000a1300000| Complete 
|   5|0x00000000a1300000, 0x00000000a1400000, 0x00000000a1400000|100%|HC|  |TAMS 0x00000000a1300000, 0x00000000a1400000| Complete 
|   6|0x00000000a1400000, 0x00000000a1400000, 0x00000000a1500000|  0%| F|  |TAMS 0x00000000a1400000, 0x00000000a1400000| Untracked 
|   7|0x00000000a1500000, 0x00000000a1500000, 0x00000000a1600000|  0%| F|  |TAMS 0x00000000a1500000, 0x00000000a1500000| Untracked 
|   8|0x00000000a1600000, 0x00000000a1600000, 0x00000000a1700000|  0%| F|  |TAMS 0x00000000a1600000, 0x00000000a1600000| Untracked 
|   9|0x00000000a1700000, 0x00000000a1700000, 0x00000000a1800000|  0%| F|  |TAMS 0x00000000a1700000, 0x00000000a1700000| Untracked 
|  10|0x00000000a1800000, 0x00000000a1800000, 0x00000000a1900000|  0%| F|  |TAMS 0x00000000a1800000, 0x00000000a1800000| Untracked 
|  11|0x00000000a1900000, 0x00000000a1900000, 0x00000000a1a00000|  0%| F|  |TAMS 0x00000000a1900000, 0x00000000a1900000| Untracked 
|  12|0x00000000a1a00000, 0x00000000a1a00000, 0x00000000a1b00000|  0%| F|  |TAMS 0x00000000a1a00000, 0x00000000a1a00000| Untracked 
|  13|0x00000000a1b00000, 0x00000000a1b00000, 0x00000000a1c00000|  0%| F|  |TAMS 0x00000000a1b00000, 0x00000000a1b00000| Untracked 
|  14|0x00000000a1c00000, 0x00000000a1c00000, 0x00000000a1d00000|  0%| F|  |TAMS 0x00000000a1c00000, 0x00000000a1c00000| Untracked 
|  15|0x00000000a1d00000, 0x00000000a1d00000, 0x00000000a1e00000|  0%| F|  |TAMS 0x00000000a1d00000, 0x00000000a1d00000| Untracked 
|  16|0x00000000a1e00000, 0x00000000a1e00000, 0x00000000a1f00000|  0%| F|  |TAMS 0x00000000a1e00000, 0x00000000a1e00000| Untracked 
|  17|0x00000000a1f00000, 0x00000000a1f00000, 0x00000000a2000000|  0%| F|  |TAMS 0x00000000a1f00000, 0x00000000a1f00000| Untracked 
|  18|0x00000000a2000000, 0x00000000a2000000, 0x00000000a2100000|  0%| F|  |TAMS 0x00000000a2000000, 0x00000000a2000000| Untracked 
|  19|0x00000000a2100000, 0x00000000a2100000, 0x00000000a2200000|  0%| F|  |TAMS 0x00000000a2100000, 0x00000000a2100000| Untracked 
|  20|0x00000000a2200000, 0x00000000a2200000, 0x00000000a2300000|  0%| F|  |TAMS 0x00000000a2200000, 0x00000000a2200000| Untracked 
|  21|0x00000000a2300000, 0x00000000a2300000, 0x00000000a2400000|  0%| F|  |TAMS 0x00000000a2300000, 0x00000000a2300000| Untracked 
|  22|0x00000000a2400000, 0x00000000a2400000, 0x00000000a2500000|  0%| F|  |TAMS 0x00000000a2400000, 0x00000000a2400000| Untracked 
|  23|0x00000000a2500000, 0x00000000a2500000, 0x00000000a2600000|  0%| F|  |TAMS 0x00000000a2500000, 0x00000000a2500000| Untracked 
|  24|0x00000000a2600000, 0x00000000a2600000, 0x00000000a2700000|  0%| F|  |TAMS 0x00000000a2600000, 0x00000000a2600000| Untracked 
|  25|0x00000000a2700000, 0x00000000a2700000, 0x00000000a2800000|  0%| F|  |TAMS 0x00000000a2700000, 0x00000000a2700000| Untracked 
|  26|0x00000000a2800000, 0x00000000a2800000, 0x00000000a2900000|  0%| F|  |TAMS 0x00000000a2800000, 0x00000000a2800000| Untracked 
|  27|0x00000000a2900000, 0x00000000a2900000, 0x00000000a2a00000|  0%| F|  |TAMS 0x00000000a2900000, 0x00000000a2900000| Untracked 
|  28|0x00000000a2a00000, 0x00000000a2a00000, 0x00000000a2b00000|  0%| F|  |TAMS 0x00000000a2a00000, 0x00000000a2a00000| Untracked 
|  29|0x00000000a2b00000, 0x00000000a2b00000, 0x00000000a2c00000|  0%| F|  |TAMS 0x00000000a2b00000, 0x00000000a2b00000| Untracked 
|  30|0x00000000a2c00000, 0x00000000a2c00000, 0x00000000a2d00000|  0%| F|  |TAMS 0x00000000a2c00000, 0x00000000a2c00000| Untracked 
|  31|0x00000000a2d00000, 0x00000000a2d00000, 0x00000000a2e00000|  0%| F|  |TAMS 0x00000000a2d00000, 0x00000000a2d00000| Untracked 
|  32|0x00000000a2e00000, 0x00000000a2e00000, 0x00000000a2f00000|  0%| F|  |TAMS 0x00000000a2e00000, 0x00000000a2e00000| Untracked 
|  33|0x00000000a2f00000, 0x00000000a2f00000, 0x00000000a3000000|  0%| F|  |TAMS 0x00000000a2f00000, 0x00000000a2f00000| Untracked 
|  34|0x00000000a3000000, 0x00000000a3000000, 0x00000000a3100000|  0%| F|  |TAMS 0x00000000a3000000, 0x00000000a3000000| Untracked 
|  35|0x00000000a3100000, 0x00000000a3100000, 0x00000000a3200000|  0%| F|  |TAMS 0x00000000a3100000, 0x00000000a3100000| Untracked 
|  36|0x00000000a3200000, 0x00000000a3200000, 0x00000000a3300000|  0%| F|  |TAMS 0x00000000a3200000, 0x00000000a3200000| Untracked 
|  37|0x00000000a3300000, 0x00000000a3300000, 0x00000000a3400000|  0%| F|  |TAMS 0x00000000a3300000, 0x00000000a3300000| Untracked 
|  38|0x00000000a3400000, 0x00000000a3400000, 0x00000000a3500000|  0%| F|  |TAMS 0x00000000a3400000, 0x00000000a3400000| Untracked 
|  39|0x00000000a3500000, 0x00000000a3500000, 0x00000000a3600000|  0%| F|  |TAMS 0x00000000a3500000, 0x00000000a3500000| Untracked 
|  40|0x00000000a3600000, 0x00000000a3600000, 0x00000000a3700000|  0%| F|  |TAMS 0x00000000a3600000, 0x00000000a3600000| Untracked 
|  41|0x00000000a3700000, 0x00000000a3700000, 0x00000000a3800000|  0%| F|  |TAMS 0x00000000a3700000, 0x00000000a3700000| Untracked 
|  42|0x00000000a3800000, 0x00000000a3800000, 0x00000000a3900000|  0%| F|  |TAMS 0x00000000a3800000, 0x00000000a3800000| Untracked 
|  43|0x00000000a3900000, 0x00000000a3900000, 0x00000000a3a00000|  0%| F|  |TAMS 0x00000000a3900000, 0x00000000a3900000| Untracked 
|  44|0x00000000a3a00000, 0x00000000a3a00000, 0x00000000a3b00000|  0%| F|  |TAMS 0x00000000a3a00000, 0x00000000a3a00000| Untracked 
|  45|0x00000000a3b00000, 0x00000000a3b00000, 0x00000000a3c00000|  0%| F|  |TAMS 0x00000000a3b00000, 0x00000000a3b00000| Untracked 
|  46|0x00000000a3c00000, 0x00000000a3c00000, 0x00000000a3d00000|  0%| F|  |TAMS 0x00000000a3c00000, 0x00000000a3c00000| Untracked 
|  47|0x00000000a3d00000, 0x00000000a3d00000, 0x00000000a3e00000|  0%| F|  |TAMS 0x00000000a3d00000, 0x00000000a3d00000| Untracked 
|  48|0x00000000a3e00000, 0x00000000a3e00000, 0x00000000a3f00000|  0%| F|  |TAMS 0x00000000a3e00000, 0x00000000a3e00000| Untracked 
|  49|0x00000000a3f00000, 0x00000000a3f00000, 0x00000000a4000000|  0%| F|  |TAMS 0x00000000a3f00000, 0x00000000a3f00000| Untracked 
|  50|0x00000000a4000000, 0x00000000a4000000, 0x00000000a4100000|  0%| F|  |TAMS 0x00000000a4000000, 0x00000000a4000000| Untracked 
|  51|0x00000000a4100000, 0x00000000a4100000, 0x00000000a4200000|  0%| F|  |TAMS 0x00000000a4100000, 0x00000000a4100000| Untracked 
|  52|0x00000000a4200000, 0x00000000a4200000, 0x00000000a4300000|  0%| F|  |TAMS 0x00000000a4200000, 0x00000000a4200000| Untracked 
|  53|0x00000000a4300000, 0x00000000a4300000, 0x00000000a4400000|  0%| F|  |TAMS 0x00000000a4300000, 0x00000000a4300000| Untracked 
|  54|0x00000000a4400000, 0x00000000a4400000, 0x00000000a4500000|  0%| F|  |TAMS 0x00000000a4400000, 0x00000000a4400000| Untracked 
|  55|0x00000000a4500000, 0x00000000a4500000, 0x00000000a4600000|  0%| F|  |TAMS 0x00000000a4500000, 0x00000000a4500000| Untracked 
|  56|0x00000000a4600000, 0x00000000a4600000, 0x00000000a4700000|  0%| F|  |TAMS 0x00000000a4600000, 0x00000000a4600000| Untracked 
|  57|0x00000000a4700000, 0x00000000a4700000, 0x00000000a4800000|  0%| F|  |TAMS 0x00000000a4700000, 0x00000000a4700000| Untracked 
|  58|0x00000000a4800000, 0x00000000a4800000, 0x00000000a4900000|  0%| F|  |TAMS 0x00000000a4800000, 0x00000000a4800000| Untracked 
|  59|0x00000000a4900000, 0x00000000a4900000, 0x00000000a4a00000|  0%| F|  |TAMS 0x00000000a4900000, 0x00000000a4900000| Untracked 
|  60|0x00000000a4a00000, 0x00000000a4a00000, 0x00000000a4b00000|  0%| F|  |TAMS 0x00000000a4a00000, 0x00000000a4a00000| Untracked 
|  61|0x00000000a4b00000, 0x00000000a4b00000, 0x00000000a4c00000|  0%| F|  |TAMS 0x00000000a4b00000, 0x00000000a4b00000| Untracked 
|  62|0x00000000a4c00000, 0x00000000a4c00000, 0x00000000a4d00000|  0%| F|  |TAMS 0x00000000a4c00000, 0x00000000a4c00000| Untracked 
|  63|0x00000000a4d00000, 0x00000000a4d00000, 0x00000000a4e00000|  0%| F|  |TAMS 0x00000000a4d00000, 0x00000000a4d00000| Untracked 
|  64|0x00000000a4e00000, 0x00000000a4e00000, 0x00000000a4f00000|  0%| F|  |TAMS 0x00000000a4e00000, 0x00000000a4e00000| Untracked 
|  65|0x00000000a4f00000, 0x00000000a4f00000, 0x00000000a5000000|  0%| F|  |TAMS 0x00000000a4f00000, 0x00000000a4f00000| Untracked 
|  66|0x00000000a5000000, 0x00000000a5000000, 0x00000000a5100000|  0%| F|  |TAMS 0x00000000a5000000, 0x00000000a5000000| Untracked 
|  67|0x00000000a5100000, 0x00000000a5100000, 0x00000000a5200000|  0%| F|  |TAMS 0x00000000a5100000, 0x00000000a5100000| Untracked 
|  68|0x00000000a5200000, 0x00000000a5200000, 0x00000000a5300000|  0%| F|  |TAMS 0x00000000a5200000, 0x00000000a5200000| Untracked 
|  69|0x00000000a5300000, 0x00000000a5300000, 0x00000000a5400000|  0%| F|  |TAMS 0x00000000a5300000, 0x00000000a5300000| Untracked 
|  70|0x00000000a5400000, 0x00000000a5400000, 0x00000000a5500000|  0%| F|  |TAMS 0x00000000a5400000, 0x00000000a5400000| Untracked 
|  71|0x00000000a5500000, 0x00000000a5500000, 0x00000000a5600000|  0%| F|  |TAMS 0x00000000a5500000, 0x00000000a5500000| Untracked 
|  72|0x00000000a5600000, 0x00000000a5600000, 0x00000000a5700000|  0%| F|  |TAMS 0x00000000a5600000, 0x00000000a5600000| Untracked 
|  73|0x00000000a5700000, 0x00000000a5700000, 0x00000000a5800000|  0%| F|  |TAMS 0x00000000a5700000, 0x00000000a5700000| Untracked 
|  74|0x00000000a5800000, 0x00000000a5800000, 0x00000000a5900000|  0%| F|  |TAMS 0x00000000a5800000, 0x00000000a5800000| Untracked 
|  75|0x00000000a5900000, 0x00000000a5900000, 0x00000000a5a00000|  0%| F|  |TAMS 0x00000000a5900000, 0x00000000a5900000| Untracked 
|  76|0x00000000a5a00000, 0x00000000a5a00000, 0x00000000a5b00000|  0%| F|  |TAMS 0x00000000a5a00000, 0x00000000a5a00000| Untracked 
|  77|0x00000000a5b00000, 0x00000000a5b00000, 0x00000000a5c00000|  0%| F|  |TAMS 0x00000000a5b00000, 0x00000000a5b00000| Untracked 
|  78|0x00000000a5c00000, 0x00000000a5c00000, 0x00000000a5d00000|  0%| F|  |TAMS 0x00000000a5c00000, 0x00000000a5c00000| Untracked 
|  79|0x00000000a5d00000, 0x00000000a5d00000, 0x00000000a5e00000|  0%| F|  |TAMS 0x00000000a5d00000, 0x00000000a5d00000| Untracked 
|  80|0x00000000a5e00000, 0x00000000a5e00000, 0x00000000a5f00000|  0%| F|  |TAMS 0x00000000a5e00000, 0x00000000a5e00000| Untracked 
|  81|0x00000000a5f00000, 0x00000000a5f8cbd8, 0x00000000a6000000| 54%| S|CS|TAMS 0x00000000a5f00000, 0x00000000a5f00000| Complete 
|  82|0x00000000a6000000, 0x00000000a6100000, 0x00000000a6100000|100%| S|CS|TAMS 0x00000000a6000000, 0x00000000a6000000| Complete 
|  83|0x00000000a6100000, 0x00000000a6200000, 0x00000000a6200000|100%| S|CS|TAMS 0x00000000a6100000, 0x00000000a6100000| Complete 
|  84|0x00000000a6200000, 0x00000000a6200000, 0x00000000a6300000|  0%| F|  |TAMS 0x00000000a6200000, 0x00000000a6200000| Untracked 
|  85|0x00000000a6300000, 0x00000000a6300000, 0x00000000a6400000|  0%| F|  |TAMS 0x00000000a6300000, 0x00000000a6300000| Untracked 
|  86|0x00000000a6400000, 0x00000000a6400000, 0x00000000a6500000|  0%| F|  |TAMS 0x00000000a6400000, 0x00000000a6400000| Untracked 
|  87|0x00000000a6500000, 0x00000000a6500000, 0x00000000a6600000|  0%| F|  |TAMS 0x00000000a6500000, 0x00000000a6500000| Untracked 
|  88|0x00000000a6600000, 0x00000000a6600000, 0x00000000a6700000|  0%| F|  |TAMS 0x00000000a6600000, 0x00000000a6600000| Untracked 
|  89|0x00000000a6700000, 0x00000000a6700000, 0x00000000a6800000|  0%| F|  |TAMS 0x00000000a6700000, 0x00000000a6700000| Untracked 
|  90|0x00000000a6800000, 0x00000000a6800000, 0x00000000a6900000|  0%| F|  |TAMS 0x00000000a6800000, 0x00000000a6800000| Untracked 
|  91|0x00000000a6900000, 0x00000000a6900000, 0x00000000a6a00000|  0%| F|  |TAMS 0x00000000a6900000, 0x00000000a6900000| Untracked 
|  92|0x00000000a6a00000, 0x00000000a6a00000, 0x00000000a6b00000|  0%| F|  |TAMS 0x00000000a6a00000, 0x00000000a6a00000| Untracked 
|  93|0x00000000a6b00000, 0x00000000a6b00000, 0x00000000a6c00000|  0%| F|  |TAMS 0x00000000a6b00000, 0x00000000a6b00000| Untracked 
|  94|0x00000000a6c00000, 0x00000000a6c00000, 0x00000000a6d00000|  0%| F|  |TAMS 0x00000000a6c00000, 0x00000000a6c00000| Untracked 
|  95|0x00000000a6d00000, 0x00000000a6d00000, 0x00000000a6e00000|  0%| F|  |TAMS 0x00000000a6d00000, 0x00000000a6d00000| Untracked 

Card table byte_map: [0x000001f629730000,0x000001f629a30000] _byte_map_base: 0x000001f629229000

Marking Bits (Prev, Next): (CMBitMap*) 0x000001f611eda770, (CMBitMap*) 0x000001f611eda7b0
 Prev Bits: [0x000001f629d30000, 0x000001f62b4f8000)
 Next Bits: [0x000001f62b500000, 0x000001f62ccc8000)

Polling page: 0x000001f60fe70000

Metaspace:

Usage:
  Non-class:      6.46 MB capacity,     6.42 MB (>99%) used,    31.14 KB ( <1%) free+waste,    10.56 KB ( <1%) overhead. 
      Class:    900.00 KB capacity,   814.99 KB ( 91%) used,    80.20 KB (  9%) free+waste,     4.81 KB ( <1%) overhead. 
       Both:      7.34 MB capacity,     7.22 MB ( 98%) used,   111.34 KB (  1%) free+waste,    15.38 KB ( <1%) overhead. 

Virtual space:
  Non-class space:       16.00 MB reserved,       6.50 MB ( 41%) committed 
      Class space:        1.00 GB reserved,       1.00 MB ( <1%) committed 
             Both:        1.02 GB reserved,       7.50 MB ( <1%) committed 

Chunk freelists:
   Non-Class:  40.00 KB
       Class:  28.00 KB
        Both:  68.00 KB

MaxMetaspaceSize: 17179869184.00 GB
CompressedClassSpaceSize: 1.00 GB

CodeHeap 'non-profiled nmethods': size=120000Kb used=223Kb max_used=223Kb free=119777Kb
 bounds [0x000001f621bb0000, 0x000001f621e20000, 0x000001f6290e0000]
CodeHeap 'profiled nmethods': size=120000Kb used=1230Kb max_used=1230Kb free=118769Kb
 bounds [0x000001f61a680000, 0x000001f61a8f0000, 0x000001f621bb0000]
CodeHeap 'non-nmethods': size=5760Kb used=1277Kb max_used=1290Kb free=4482Kb
 bounds [0x000001f61a0e0000, 0x000001f61a350000, 0x000001f61a680000]
 total_blobs=1352 nmethods=785 adapters=480
 compilation: enabled
              stopped_count=0, restarted_count=0
 full_count=0

Compilation events (20 events):
Event: 0.544 Thread 0x000001f62f6edbb0  775       1       java.util.concurrent.locks.AbstractOwnableSynchronizer::setExclusiveOwnerThread (6 bytes)
Event: 0.544 Thread 0x000001f62f6edbb0 nmethod 775 0x000001f621be6a10 code [0x000001f621be6ba0, 0x000001f621be6c98]
Event: 0.546 Thread 0x000001f62f6edbb0  777       3       java.nio.channels.spi.AbstractInterruptibleChannel::isOpen (13 bytes)
Event: 0.546 Thread 0x000001f62f6edbb0 nmethod 777 0x000001f61a7b2410 code [0x000001f61a7b25a0, 0x000001f61a7b26f8]
Event: 0.546 Thread 0x000001f62f6edbb0  776       1       sun.nio.ch.NativeThread::current (2 bytes)
Event: 0.546 Thread 0x000001f62f6edbb0 nmethod 776 0x000001f621be6d10 code [0x000001f621be6ea0, 0x000001f621be6f38]
Event: 0.551 Thread 0x000001f62f6edbb0  779       3       java.nio.channels.spi.AbstractInterruptibleChannel::blockedOn (10 bytes)
Event: 0.551 Thread 0x000001f62f6edbb0 nmethod 779 0x000001f61a7b2790 code [0x000001f61a7b2940, 0x000001f61a7b2b68]
Event: 0.551 Thread 0x000001f62f6edbb0  780       3       java.lang.System$2::blockedOn (5 bytes)
Event: 0.551 Thread 0x000001f62f6edbb0 nmethod 780 0x000001f61a7b2c90 code [0x000001f61a7b2e40, 0x000001f61a7b2f68]
Event: 0.551 Thread 0x000001f62f6edbb0  781   !   3       java.lang.Thread::blockedOn (27 bytes)
Event: 0.552 Thread 0x000001f62f6edbb0 nmethod 781 0x000001f61a7b3010 code [0x000001f61a7b31c0, 0x000001f61a7b3418]
Event: 0.564 Thread 0x000001f62f6edbb0  782       1       java.awt.AWTEvent::getID (5 bytes)
Event: 0.564 Thread 0x000001f62f6edbb0 nmethod 782 0x000001f621be7310 code [0x000001f621be74a0, 0x000001f621be7558]
Event: 0.580 Thread 0x000001f62f6edbb0  783       1       java.awt.Color::getRGB (5 bytes)
Event: 0.580 Thread 0x000001f62f6edbb0 nmethod 783 0x000001f621be7610 code [0x000001f621be77a0, 0x000001f621be7858]
Event: 0.580 Thread 0x000001f62f6edbb0  784       3       java.awt.Component::getParent (5 bytes)
Event: 0.580 Thread 0x000001f62f6edbb0 nmethod 784 0x000001f61a7b3510 code [0x000001f61a7b36a0, 0x000001f61a7b37b8]
Event: 0.581 Thread 0x000001f62f6edbb0  785       1       java.util.concurrent.locks.AbstractOwnableSynchronizer::getExclusiveOwnerThread (5 bytes)
Event: 0.581 Thread 0x000001f62f6edbb0 nmethod 785 0x000001f621be7910 code [0x000001f621be7aa0, 0x000001f621be7b58]

GC Heap History (2 events):
Event: 0.582 GC heap before
{Heap before GC invocations=0 (full 0):
 garbage-first heap   total 98304K, used 17408K [0x00000000a0e00000, 0x0000000100000000)
  region size 1024K, 12 young (12288K), 0 survivors (0K)
 Metaspace       used 7389K, capacity 7516K, committed 7680K, reserved 1062912K
  class space    used 814K, capacity 900K, committed 1024K, reserved 1048576K
}
Event: 0.585 GC heap after
{Heap after GC invocations=1 (full 0):
 garbage-first heap   total 98304K, used 8754K [0x00000000a0e00000, 0x0000000100000000)
  region size 1024K, 3 young (3072K), 3 survivors (3072K)
 Metaspace       used 7389K, capacity 7516K, committed 7680K, reserved 1062912K
  class space    used 814K, capacity 900K, committed 1024K, reserved 1048576K
}

Deoptimization events (20 events):
Event: 0.419 Thread 0x000001f630138910 DEOPT PACKING pc=0x000001f61a77992e sp=0x0000001c3bcfe280
Event: 0.419 Thread 0x000001f630138910 DEOPT UNPACKING pc=0x000001f61a12e23f sp=0x0000001c3bcfd710 mode 0
Event: 0.419 Thread 0x000001f630138910 DEOPT PACKING pc=0x000001f61a77992e sp=0x0000001c3bcfe280
Event: 0.419 Thread 0x000001f630138910 DEOPT UNPACKING pc=0x000001f61a12e23f sp=0x0000001c3bcfd710 mode 0
Event: 0.419 Thread 0x000001f630138910 DEOPT PACKING pc=0x000001f61a77992e sp=0x0000001c3bcfe280
Event: 0.419 Thread 0x000001f630138910 DEOPT UNPACKING pc=0x000001f61a12e23f sp=0x0000001c3bcfd710 mode 0
Event: 0.419 Thread 0x000001f630138910 DEOPT PACKING pc=0x000001f61a77992e sp=0x0000001c3bcfe280
Event: 0.419 Thread 0x000001f630138910 DEOPT UNPACKING pc=0x000001f61a12e23f sp=0x0000001c3bcfd710 mode 0
Event: 0.420 Thread 0x000001f630138910 DEOPT PACKING pc=0x000001f61a77992e sp=0x0000001c3bcfe280
Event: 0.420 Thread 0x000001f630138910 DEOPT UNPACKING pc=0x000001f61a12e23f sp=0x0000001c3bcfd710 mode 0
Event: 0.420 Thread 0x000001f630138910 DEOPT PACKING pc=0x000001f61a77992e sp=0x0000001c3bcfe280
Event: 0.420 Thread 0x000001f630138910 DEOPT UNPACKING pc=0x000001f61a12e23f sp=0x0000001c3bcfd710 mode 0
Event: 0.423 Thread 0x000001f630137100 Uncommon trap: trap_request=0xffffff45 fr.pc=0x000001f621bd9ea4 relative=0x00000000000007c4
Event: 0.423 Thread 0x000001f630137100 Uncommon trap: reason=unstable_if action=reinterpret pc=0x000001f621bd9ea4 method=java.util.HashMap.putVal(ILjava/lang/Object;Ljava/lang/Object;ZZ)Ljava/lang/Object; @ 181 c2
Event: 0.423 Thread 0x000001f630137100 DEOPT PACKING pc=0x000001f621bd9ea4 sp=0x0000001c3b3fdfb0
Event: 0.423 Thread 0x000001f630137100 DEOPT UNPACKING pc=0x000001f61a12e42f sp=0x0000001c3b3fdf50 mode 2
Event: 0.457 Thread 0x000001f611e9f970 Uncommon trap: trap_request=0xffffff45 fr.pc=0x000001f621bd5d68 relative=0x00000000000002e8
Event: 0.457 Thread 0x000001f611e9f970 Uncommon trap: reason=unstable_if action=reinterpret pc=0x000001f621bd5d68 method=java.lang.StringUTF16.compress([CI[BII)I @ 20 c2
Event: 0.457 Thread 0x000001f611e9f970 DEOPT PACKING pc=0x000001f621bd5d68 sp=0x0000001c39ffcf50
Event: 0.457 Thread 0x000001f611e9f970 DEOPT UNPACKING pc=0x000001f61a12e42f sp=0x0000001c39ffced0 mode 2

Classes unloaded (0 events):
No events

Classes redefined (0 events):
No events

Internal exceptions (13 events):
Event: 0.091 Thread 0x000001f611e9f970 Exception <a 'java/lang/NoSuchMethodError'{0x00000000a6c5c778}: 'void java.lang.invoke.DirectMethodHandle$Holder.invokeSpecial(java.lang.Object, java.lang.Object, java.lang.Object)'> (0x00000000a6c5c778) 
thrown [./open/src/hotspot/share/interpreter/linkResolver.cpp, line 782]
Event: 0.103 Thread 0x000001f611e9f970 Exception <a 'java/lang/ClassNotFoundException'{0x00000000a6c796f8}: sun/awt/resources/spi/awtProvider> (0x00000000a6c796f8) 
thrown [./open/src/hotspot/share/classfile/systemDictionary.cpp, line 295]
Event: 0.140 Thread 0x000001f611e9f970 Exception <a 'java/io/FileNotFoundException'{0x00000000a6cd5360}> (0x00000000a6cd5360) 
thrown [./open/src/hotspot/share/prims/jni.cpp, line 578]
Event: 0.150 Thread 0x000001f611e9f970 Exception <a 'java/io/FileNotFoundException'{0x00000000a6b042d0}> (0x00000000a6b042d0) 
thrown [./open/src/hotspot/share/prims/jni.cpp, line 578]
Event: 0.151 Thread 0x000001f611e9f970 Exception <a 'java/lang/NoSuchMethodError'{0x00000000a6b054c8}: 'java.lang.Object java.lang.invoke.DirectMethodHandle$Holder.invokeStatic(java.lang.Object)'> (0x00000000a6b054c8) 
thrown [./open/src/hotspot/share/interpreter/linkResolver.cpp, line 782]
Event: 0.197 Thread 0x000001f611e9f970 Exception <a 'java/lang/NoSuchMethodError'{0x00000000a6b60b38}: 'java.lang.Object java.lang.invoke.DirectMethodHandle$Holder.invokeStaticInit(java.lang.Object)'> (0x00000000a6b60b38) 
thrown [./open/src/hotspot/share/interpreter/linkResolver.cpp, line 782]
Event: 0.290 Thread 0x000001f611e9f970 Exception <a 'java/lang/NoSuchMethodError'{0x00000000a6a49f68}: 'java.lang.Object java.lang.invoke.DirectMethodHandle$Holder.newInvokeSpecial(java.lang.Object, java.lang.Object, java.lang.Object, java.lang.Object, java.lang.Object)'> (0x00000000a6a49f68) 
thrown [./open/src/hotspot/share/interpreter/linkResolver.cpp, line 782]
Event: 0.291 Thread 0x000001f611e9f970 Exception <a 'java/lang/NoSuchMethodError'{0x00000000a6a559f8}: 'java.lang.Object java.lang.invoke.DirectMethodHandle$Holder.invokeStatic(java.lang.Object, int, java.lang.Object, java.lang.Object, java.lang.Object, java.lang.Object)'> (0x00000000a6a559f8) 
thrown [./open/src/hotspot/share/interpreter/linkResolver.cpp, line 782]
Event: 0.297 Thread 0x000001f611e9f970 Exception <a 'java/lang/NoSuchMethodError'{0x00000000a6a7bf08}: 'java.lang.Object java.lang.invoke.DirectMethodHandle$Holder.invokeStatic(java.lang.Object, int, java.lang.Object)'> (0x00000000a6a7bf08) 
thrown [./open/src/hotspot/share/interpreter/linkResolver.cpp, line 782]
Event: 0.318 Thread 0x000001f611e9f970 Exception <a 'java/lang/ClassNotFoundException'{0x00000000a69348a8}: com/sun/swing/internal/plaf/metal/resources/spi/metalProvider> (0x00000000a69348a8) 
thrown [./open/src/hotspot/share/classfile/systemDictionary.cpp, line 295]
Event: 0.319 Thread 0x000001f611e9f970 Exception <a 'java/lang/ClassNotFoundException'{0x00000000a6938ba8}: com/sun/swing/internal/plaf/basic/resources/spi/basicProvider> (0x00000000a6938ba8) 
thrown [./open/src/hotspot/share/classfile/systemDictionary.cpp, line 295]
Event: 0.384 Thread 0x000001f630138910 Exception <a 'java/lang/NoSuchMethodError'{0x00000000a68e0830}: 'java.lang.Object java.lang.invoke.DirectMethodHandle$Holder.newInvokeSpecial(java.lang.Object, java.lang.Object, java.lang.Object, int, int, int, int, int)'> (0x00000000a68e0830) 
thrown [./open/src/hotspot/share/interpreter/linkResolver.cpp, line 782]
Event: 0.446 Thread 0x000001f611e9f970 Exception <a 'java/lang/NoSuchMethodError'{0x00000000a63fb448}: 'void java.lang.invoke.DirectMethodHandle$Holder.invokeStaticInit(java.lang.Object)'> (0x00000000a63fb448) 
thrown [./open/src/hotspot/share/interpreter/linkResolver.cpp, line 782]

Events (20 events):
Event: 0.570 loading class java/text/AttributedCharacterIterator
Event: 0.570 loading class java/text/CharacterIterator
Event: 0.570 loading class java/text/CharacterIterator done
Event: 0.570 loading class java/text/AttributedCharacterIterator done
Event: 0.570 loading class java/text/AttributedString$AttributedStringIterator done
Event: 0.571 loading class java/awt/event/ContainerEvent
Event: 0.571 loading class java/awt/event/ContainerEvent done
Event: 0.571 loading class java/applet/Applet
Event: 0.571 loading class java/awt/Panel
Event: 0.571 loading class java/awt/Panel done
Event: 0.571 loading class java/applet/Applet done
Event: 0.571 loading class java/awt/TextComponent
Event: 0.571 loading class java/awt/TextComponent done
Event: 0.571 loading class javax/swing/text/JTextComponent
Event: 0.572 loading class javax/swing/Scrollable
Event: 0.572 loading class javax/swing/Scrollable done
Event: 0.572 loading class javax/swing/text/JTextComponent done
Event: 0.574 loading class sun/java2d/SurfaceDataProxy$CountdownTracker
Event: 0.574 loading class sun/java2d/SurfaceDataProxy$CountdownTracker done
Event: 0.582 Executing VM operation: CollectForMetadataAllocation


Dynamic libraries:
0x00007ff6df7c0000 - 0x00007ff6df7cf000 	C:\Program Files\Java\jdk-15.0.1\bin\java.exe
0x00007ff9a8a50000 - 0x00007ff9a8c45000 	C:\WINDOWS\SYSTEM32\ntdll.dll
0x00007ff9a8870000 - 0x00007ff9a892d000 	C:\WINDOWS\System32\KERNEL32.DLL
0x00007ff9a6670000 - 0x00007ff9a6938000 	C:\WINDOWS\System32\KERNELBASE.dll
0x00007ff9a6570000 - 0x00007ff9a6670000 	C:\WINDOWS\System32\ucrtbase.dll
0x00007ff984b60000 - 0x00007ff984b79000 	C:\Program Files\Java\jdk-15.0.1\bin\VCRUNTIME140.dll
0x00007ff9a03e0000 - 0x00007ff9a03f8000 	C:\Program Files\Java\jdk-15.0.1\bin\jli.dll
0x00007ff9a8540000 - 0x00007ff9a85ec000 	C:\WINDOWS\System32\ADVAPI32.dll
0x00007ff9a7570000 - 0x00007ff9a760e000 	C:\WINDOWS\System32\msvcrt.dll
0x00007ff9a6ac0000 - 0x00007ff9a6b5b000 	C:\WINDOWS\System32\sechost.dll
0x00007ff9a76f0000 - 0x00007ff9a781b000 	C:\WINDOWS\System32\RPCRT4.dll
0x00007ff9a6ed0000 - 0x00007ff9a7070000 	C:\WINDOWS\System32\USER32.dll
0x00007ff9a6940000 - 0x00007ff9a6962000 	C:\WINDOWS\System32\win32u.dll
0x00007ff993760000 - 0x00007ff9939fa000 	C:\WINDOWS\WinSxS\amd64_microsoft.windows.common-controls_6595b64144ccf1df_6.0.19041.844_none_ca00b6081b84eb1d\COMCTL32.dll
0x00007ff9a8840000 - 0x00007ff9a886a000 	C:\WINDOWS\System32\GDI32.dll
0x00007ff9a6300000 - 0x00007ff9a640b000 	C:\WINDOWS\System32\gdi32full.dll
0x00007ff9a6260000 - 0x00007ff9a62fd000 	C:\WINDOWS\System32\msvcp_win.dll
0x00007ff99f750000 - 0x00007ff99f75a000 	C:\WINDOWS\SYSTEM32\VERSION.dll
0x00007ff9a87a0000 - 0x00007ff9a87d0000 	C:\WINDOWS\System32\IMM32.DLL
0x00007ff988e70000 - 0x00007ff988e7c000 	C:\Program Files\Java\jdk-15.0.1\bin\vcruntime140_1.dll
0x00007ff97edf0000 - 0x00007ff97ee81000 	C:\Program Files\Java\jdk-15.0.1\bin\msvcp140.dll
0x00007ff96b5c0000 - 0x00007ff96c11e000 	C:\Program Files\Java\jdk-15.0.1\bin\server\jvm.dll
0x00007ff9a6ab0000 - 0x00007ff9a6ab8000 	C:\WINDOWS\System32\PSAPI.DLL
0x00007ff98a620000 - 0x00007ff98a629000 	C:\WINDOWS\SYSTEM32\WSOCK32.dll
0x00007ff99cd70000 - 0x00007ff99cd97000 	C:\WINDOWS\SYSTEM32\WINMM.dll
0x00007ff9a7820000 - 0x00007ff9a788b000 	C:\WINDOWS\System32\WS2_32.dll
0x00007ff9a4a60000 - 0x00007ff9a4a72000 	C:\WINDOWS\SYSTEM32\kernel.appcore.dll
0x00007ff9881b0000 - 0x00007ff9881ba000 	C:\Program Files\Java\jdk-15.0.1\bin\jimage.dll
0x00007ff9a40b0000 - 0x00007ff9a4294000 	C:\WINDOWS\SYSTEM32\DBGHELP.DLL
0x00007ff996500000 - 0x00007ff99652c000 	C:\WINDOWS\SYSTEM32\dbgcore.DLL
0x00007ff9a61e0000 - 0x00007ff9a6260000 	C:\WINDOWS\System32\bcryptPrimitives.dll
0x00007ff97ee90000 - 0x00007ff97eeb5000 	C:\Program Files\Java\jdk-15.0.1\bin\java.dll
0x00007ff9a7df0000 - 0x00007ff9a8532000 	C:\WINDOWS\System32\SHELL32.dll
0x00007ff9a42b0000 - 0x00007ff9a4a41000 	C:\WINDOWS\SYSTEM32\windows.storage.dll
0x00007ff9a7070000 - 0x00007ff9a73c5000 	C:\WINDOWS\System32\combase.dll
0x00007ff9a5c00000 - 0x00007ff9a5c2c000 	C:\WINDOWS\SYSTEM32\Wldp.dll
0x00007ff9a6d50000 - 0x00007ff9a6dfe000 	C:\WINDOWS\System32\SHCORE.dll
0x00007ff9a7690000 - 0x00007ff9a76e5000 	C:\WINDOWS\System32\shlwapi.dll
0x00007ff9a60d0000 - 0x00007ff9a60ef000 	C:\WINDOWS\SYSTEM32\profapi.dll
0x00007ff981ee0000 - 0x00007ff981ef9000 	C:\Program Files\Java\jdk-15.0.1\bin\net.dll
0x00007ff999ad0000 - 0x00007ff999bdb000 	C:\WINDOWS\SYSTEM32\WINHTTP.dll
0x00007ff9a5970000 - 0x00007ff9a59da000 	C:\WINDOWS\system32\mswsock.dll
0x00007ff980720000 - 0x00007ff980732000 	C:\Program Files\Java\jdk-15.0.1\bin\nio.dll
0x00007ff980280000 - 0x00007ff980298000 	C:\Program Files\Java\jdk-15.0.1\bin\zip.dll
0x00007ff96b440000 - 0x00007ff96b5c0000 	C:\Program Files\Java\jdk-15.0.1\bin\awt.dll
0x00007ff9a6c80000 - 0x00007ff9a6d4d000 	C:\WINDOWS\System32\OLEAUT32.dll
0x00007ff9a37c0000 - 0x00007ff9a3850000 	C:\WINDOWS\SYSTEM32\apphelp.dll
0x00007ff9a3c30000 - 0x00007ff9a3c5f000 	C:\WINDOWS\system32\DWMAPI.DLL
0x00007ff9a3950000 - 0x00007ff9a39ee000 	C:\WINDOWS\system32\uxtheme.dll
0x00007ff96caf0000 - 0x00007ff96cc16000 	C:\WINDOWS\system32\opengl32.dll
0x00007ff97edc0000 - 0x00007ff97edec000 	C:\WINDOWS\SYSTEM32\GLU32.dll
0x00007ff9a6b60000 - 0x00007ff9a6c75000 	C:\WINDOWS\System32\MSCTF.dll
0x00007ff9a73d0000 - 0x00007ff9a74fa000 	C:\WINDOWS\System32\ole32.dll
0x00007ff99fd30000 - 0x00007ff99fefe000 	C:\WINDOWS\system32\d3d9.dll
0x00007ff99c910000 - 0x00007ff99caeb000 	C:\WINDOWS\System32\DriverStore\FileRepository\u0357645.inf_amd64_3c66802dbd4d45a0\B357435\aticfx64.dll
0x00007ff99a800000 - 0x00007ff99a833000 	C:\WINDOWS\System32\DriverStore\FileRepository\u0357645.inf_amd64_3c66802dbd4d45a0\B357435\atiu9p64.dll
0x00007ff95efb0000 - 0x00007ff95fc46000 	C:\WINDOWS\System32\DriverStore\FileRepository\u0357645.inf_amd64_3c66802dbd4d45a0\B357435\atiumd64.dll
0x000000006a080000 - 0x000000006aefd000 	C:\WINDOWS\System32\DriverStore\FileRepository\u0357645.inf_amd64_3c66802dbd4d45a0\B357435\atiumd6a.dll
0x00007ff9a5790000 - 0x00007ff9a57db000 	C:\WINDOWS\SYSTEM32\POWRPROF.dll
0x00007ff9a55f0000 - 0x00007ff9a5602000 	C:\WINDOWS\SYSTEM32\UMPDC.dll
0x00007ff99ccc0000 - 0x00007ff99ccef000 	C:\WINDOWS\SYSTEM32\amdihk64.dll
0x00007ff99cf90000 - 0x00007ff99cfcb000 	C:\WINDOWS\SYSTEM32\dxcore.dll
0x00007ff9a6190000 - 0x00007ff9a61de000 	C:\WINDOWS\System32\cfgmgr32.dll
0x00007ff99a7d0000 - 0x00007ff99a7fd000 	C:\Program Files\Java\jdk-15.0.1\bin\javajpeg.dll
0x00007ff970f10000 - 0x00007ff970f95000 	C:\Program Files\Java\jdk-15.0.1\bin\freetype.dll
0x00007ff96fb80000 - 0x00007ff96fc29000 	C:\Program Files\Java\jdk-15.0.1\bin\fontmanager.dll
0x00007ff996840000 - 0x00007ff996939000 	C:\WINDOWS\SYSTEM32\textinputframework.dll
0x00007ff9a3470000 - 0x00007ff9a3562000 	C:\WINDOWS\System32\CoreMessaging.dll
0x00007ff9a3110000 - 0x00007ff9a346e000 	C:\WINDOWS\System32\CoreUIComponents.dll
0x00007ff9a1db0000 - 0x00007ff9a1f04000 	C:\WINDOWS\SYSTEM32\wintypes.dll
0x00007ff9a4f10000 - 0x00007ff9a4f43000 	C:\WINDOWS\SYSTEM32\ntmarta.dll

dbghelp: loaded successfully - version: 4.0.5 - missing functions: none
symbol engine: initialized successfully - sym options: 0x614 - pdb path: .;C:\Program Files\Java\jdk-15.0.1\bin;C:\WINDOWS\SYSTEM32;C:\WINDOWS\WinSxS\amd64_microsoft.windows.common-controls_6595b64144ccf1df_6.0.19041.844_none_ca00b6081b84eb1d;C:\Program Files\Java\jdk-15.0.1\bin\server;C:\WINDOWS\System32\DriverStore\FileRepository\u0357645.inf_amd64_3c66802dbd4d45a0\B357435

VM Arguments:
jvm_args: -Dfile.encoding=UTF-8 
java_command: library.management.system.LibraryManagementSystem
java_class_path (initial): C:\Users\Harshit\Downloads\mysql-connector-java-8.0.24\mysql-connector-java-8.0.24\mysql-connector-java-8.0.24.jar;C:\Users\Harshit\Documents\original\Library-Management-System\src\library\management\system\Jar\jcalendar-tz-1.3.3-4.jar;C:\Users\Harshit\Documents\original\Library-Management-System\src\library\management\system\Jar\rs2xml.jar;C:\Users\Harshit\Documents\NetBeansProjects\Library Management System\build\classes
Launcher Type: SUN_STANDARD

[Global flags]
     intx CICompilerCount                          = 4                                         {product} {ergonomic}
     uint ConcGCThreads                            = 2                                         {product} {ergonomic}
     uint G1ConcRefinementThreads                  = 8                                         {product} {ergonomic}
   size_t G1HeapRegionSize                         = 1048576                                   {product} {ergonomic}
    uintx GCDrainStackTargetSize                   = 64                                        {product} {ergonomic}
   size_t InitialHeapSize                          = 100663296                                 {product} {ergonomic}
   size_t MarkStackSize                            = 4194304                                   {product} {ergonomic}
   size_t MaxHeapSize                              = 1595932672                                {product} {ergonomic}
   size_t MaxNewSize                               = 957349888                                 {product} {ergonomic}
   size_t MinHeapDeltaBytes                        = 1048576                                   {product} {ergonomic}
   size_t MinHeapSize                              = 8388608                                   {product} {ergonomic}
    uintx NonNMethodCodeHeapSize                   = 5839372                                {pd product} {ergonomic}
    uintx NonProfiledCodeHeapSize                  = 122909434                              {pd product} {ergonomic}
    uintx ProfiledCodeHeapSize                     = 122909434                              {pd product} {ergonomic}
    uintx ReservedCodeCacheSize                    = 251658240                              {pd product} {ergonomic}
     bool SegmentedCodeCache                       = true                                      {product} {ergonomic}
   size_t SoftMaxHeapSize                          = 1595932672                             {manageable} {ergonomic}
     bool UseCompressedClassPointers               = true                                 {lp64_product} {ergonomic}
     bool UseCompressedOops                        = true                                 {lp64_product} {ergonomic}
     bool UseG1GC                                  = true                                      {product} {ergonomic}
     bool UseLargePagesIndividualAllocation        = false                                  {pd product} {ergonomic}

Logging:
Log output configuration:
 #0: stdout all=warning uptime,level,tags
 #1: stderr all=off uptime,level,tags

Environment Variables:
JAVA_HOME=C:\Program Files\Java\jdk-15.0.1
PATH=C:\Program Files (x86)\Common Files\Oracle\Java\javapath;C:\Program Files\Common Files\Oracle\Java\javapath;C:\Windows\system32;C:\Windows;C:\Windows\System32\Wbem;C:\Windows\System32\WindowsPowerShell\v1.0\;C:\Windows\System32\OpenSSH\;C:\Program Files (x86)\NVIDIA Corporation\PhysX\Common;C:\Program Files\NVIDIA Corporation\NVIDIA NvDLISR;C:\Program Files (x86)\Git\cmd;C:\Program Files (x86)\nodejs\;C:\Program Files\Java\jdk-15.0.1\bin;C:\Program Files\Java\jre1.8.0_271\bin;;%SystemRoot%\system32;%SystemRoot%;%SystemRoot%\System32\Wbem;%SYSTEMROOT%\System32\WindowsPowerShell\v1.0\;%SYSTEMROOT%\System32\OpenSSH\;C:\Users\Harshit\AppData\Local\Microsoft\WindowsApps;C:\Program Files (x86)\mingw-w64\i686-8.1.0-posix-dwarf-rt_v6-rev0\mingw32\bin;;C:\Users\Harshit\AppData\Local\Programs\Microsoft VS Code\bin
USERNAME=Harshit
OS=Windows_NT
PROCESSOR_IDENTIFIER=AMD64 Family 23 Model 24 Stepping 1, AuthenticAMD



---------------  S Y S T E M  ---------------

OS:
 Windows 10 , 64 bit Build 19041 (10.0.19041.928)
OS uptime: 5 days 8:59 hours

CPU: total 8 (initial active 8) (8 cores per cpu, 2 threads per core) family 23 model 24 stepping 1 microcode 0x0, cmov, cx8, fxsr, mmx, sse, sse2, sse3, ssse3, sse4.1, sse4.2, popcnt, vzeroupper, avx, avx2, aes, clmul, 3dnowpref, lzcnt, sse4a, ht, tsc, tscinvbit, tscinv, bmi1, bmi2, adx, sha, fma, clflush, clflushopt

Memory: 4k page, system-wide physical 6081M (424M free)
TotalPageFile size 24513M (AvailPageFile size 0M)
current process WorkingSet (physical memory assigned to process): 87M, peak: 88M
current process commit charge ("private bytes"): 223M, peak: 224M

vm_info: Java HotSpot(TM) 64-Bit Server VM (15.0.1+9-18) for windows-amd64 JRE (15.0.1+9-18), built on Sep 15 2020 14:43:54 by "mach5one" with unknown MS VC++:1925

END.
